{"/Users/mariabjuvsjo/Desktop/Vteam2/wEbike/app.js": {"path":"/Users/mariabjuvsjo/Desktop/Vteam2/wEbike/app.js","statementMap":{"0":{"start":{"line":1,"column":0},"end":{"line":1,"column":27}},"1":{"start":{"line":2,"column":16},"end":{"line":2,"column":34}},"2":{"start":{"line":3,"column":13},"end":{"line":3,"column":28}},"3":{"start":{"line":4,"column":21},"end":{"line":4,"column":45}},"4":{"start":{"line":5,"column":13},"end":{"line":5,"column":37}},"5":{"start":{"line":6,"column":14},"end":{"line":6,"column":40}},"6":{"start":{"line":7,"column":17},"end":{"line":7,"column":45}},"7":{"start":{"line":8,"column":16},"end":{"line":8,"column":43}},"8":{"start":{"line":9,"column":13},"end":{"line":9,"column":37}},"9":{"start":{"line":10,"column":13},"end":{"line":10,"column":37}},"10":{"start":{"line":12,"column":17},"end":{"line":12,"column":45}},"11":{"start":{"line":13,"column":16},"end":{"line":13,"column":20}},"12":{"start":{"line":15,"column":12},"end":{"line":15,"column":21}},"13":{"start":{"line":18,"column":0},"end":{"line":18,"column":24}},"14":{"start":{"line":21,"column":0},"end":{"line":21,"column":24}},"15":{"start":{"line":24,"column":0},"end":{"line":30,"column":2}},"16":{"start":{"line":32,"column":0},"end":{"line":36,"column":3}},"17":{"start":{"line":35,"column":4},"end":{"line":35,"column":11}},"18":{"start":{"line":40,"column":0},"end":{"line":40,"column":36}},"19":{"start":{"line":42,"column":0},"end":{"line":42,"column":37}},"20":{"start":{"line":44,"column":0},"end":{"line":44,"column":48}},"21":{"start":{"line":46,"column":0},"end":{"line":46,"column":40}},"22":{"start":{"line":48,"column":0},"end":{"line":48,"column":35}},"23":{"start":{"line":50,"column":0},"end":{"line":50,"column":34}},"24":{"start":{"line":52,"column":0},"end":{"line":52,"column":43}},"25":{"start":{"line":54,"column":0},"end":{"line":58,"column":3}},"26":{"start":{"line":55,"column":4},"end":{"line":57,"column":7}},"27":{"start":{"line":62,"column":0},"end":{"line":67,"column":3}},"28":{"start":{"line":63,"column":14},"end":{"line":63,"column":36}},"29":{"start":{"line":65,"column":4},"end":{"line":65,"column":21}},"30":{"start":{"line":66,"column":4},"end":{"line":66,"column":14}},"31":{"start":{"line":69,"column":0},"end":{"line":69,"column":21}}},"fnMap":{"0":{"name":"(anonymous_0)","decl":{"start":{"line":32,"column":8},"end":{"line":32,"column":9}},"loc":{"start":{"line":32,"column":28},"end":{"line":36,"column":1}},"line":32},"1":{"name":"(anonymous_1)","decl":{"start":{"line":54,"column":23},"end":{"line":54,"column":24}},"loc":{"start":{"line":54,"column":37},"end":{"line":58,"column":1}},"line":54},"2":{"name":"(anonymous_2)","decl":{"start":{"line":62,"column":8},"end":{"line":62,"column":9}},"loc":{"start":{"line":62,"column":28},"end":{"line":67,"column":1}},"line":62}},"branchMap":{},"s":{"0":5,"1":5,"2":5,"3":5,"4":5,"5":5,"6":5,"7":5,"8":5,"9":5,"10":5,"11":5,"12":5,"13":5,"14":5,"15":5,"16":5,"17":81,"18":5,"19":5,"20":5,"21":5,"22":5,"23":5,"24":5,"25":5,"26":0,"27":5,"28":0,"29":0,"30":0,"31":5},"f":{"0":81,"1":0,"2":0},"b":{},"_coverageSchema":"1a1c01bbd47fc00a2c39e90264f33305004495a9","hash":"3c1c86088f774f8c817f6f0773a22dd1921721ab"}
,"/Users/mariabjuvsjo/Desktop/Vteam2/wEbike/controllers/bike.js": {"path":"/Users/mariabjuvsjo/Desktop/Vteam2/wEbike/controllers/bike.js","statementMap":{"0":{"start":{"line":1,"column":17},"end":{"line":1,"column":36}},"1":{"start":{"line":2,"column":13},"end":{"line":2,"column":38}},"2":{"start":{"line":12,"column":20},"end":{"line":16,"column":1}},"3":{"start":{"line":13,"column":18},"end":{"line":13,"column":37}},"4":{"start":{"line":15,"column":4},"end":{"line":15,"column":32}},"5":{"start":{"line":26,"column":19},"end":{"line":40,"column":1}},"6":{"start":{"line":27,"column":23},"end":{"line":27,"column":33}},"7":{"start":{"line":29,"column":4},"end":{"line":31,"column":5}},"8":{"start":{"line":30,"column":8},"end":{"line":30,"column":66}},"9":{"start":{"line":33,"column":17},"end":{"line":33,"column":64}},"10":{"start":{"line":35,"column":4},"end":{"line":37,"column":5}},"11":{"start":{"line":36,"column":8},"end":{"line":36,"column":71}},"12":{"start":{"line":39,"column":4},"end":{"line":39,"column":31}},"13":{"start":{"line":50,"column":19},"end":{"line":68,"column":1}},"14":{"start":{"line":54,"column":25},"end":{"line":54,"column":33}},"15":{"start":{"line":56,"column":4},"end":{"line":67,"column":5}},"16":{"start":{"line":57,"column":21},"end":{"line":62,"column":10}},"17":{"start":{"line":64,"column":8},"end":{"line":64,"column":35}},"18":{"start":{"line":66,"column":8},"end":{"line":66,"column":55}},"19":{"start":{"line":78,"column":26},"end":{"line":92,"column":1}},"20":{"start":{"line":79,"column":23},"end":{"line":79,"column":33}},"21":{"start":{"line":81,"column":4},"end":{"line":83,"column":5}},"22":{"start":{"line":82,"column":8},"end":{"line":82,"column":72}},"23":{"start":{"line":85,"column":24},"end":{"line":85,"column":70}},"24":{"start":{"line":87,"column":4},"end":{"line":89,"column":5}},"25":{"start":{"line":88,"column":8},"end":{"line":88,"column":72}},"26":{"start":{"line":91,"column":4},"end":{"line":91,"column":38}},"27":{"start":{"line":108,"column":35},"end":{"line":122,"column":1}},"28":{"start":{"line":109,"column":23},"end":{"line":109,"column":33}},"29":{"start":{"line":111,"column":4},"end":{"line":113,"column":5}},"30":{"start":{"line":112,"column":8},"end":{"line":112,"column":72}},"31":{"start":{"line":115,"column":24},"end":{"line":115,"column":84}},"32":{"start":{"line":117,"column":4},"end":{"line":119,"column":5}},"33":{"start":{"line":118,"column":8},"end":{"line":118,"column":81}},"34":{"start":{"line":121,"column":4},"end":{"line":121,"column":38}},"35":{"start":{"line":132,"column":32},"end":{"line":146,"column":1}},"36":{"start":{"line":133,"column":23},"end":{"line":133,"column":33}},"37":{"start":{"line":135,"column":4},"end":{"line":137,"column":5}},"38":{"start":{"line":136,"column":8},"end":{"line":136,"column":72}},"39":{"start":{"line":139,"column":24},"end":{"line":139,"column":93}},"40":{"start":{"line":141,"column":4},"end":{"line":143,"column":5}},"41":{"start":{"line":142,"column":8},"end":{"line":142,"column":79}},"42":{"start":{"line":145,"column":4},"end":{"line":145,"column":38}},"43":{"start":{"line":156,"column":22},"end":{"line":191,"column":1}},"44":{"start":{"line":157,"column":23},"end":{"line":157,"column":33}},"45":{"start":{"line":159,"column":4},"end":{"line":161,"column":5}},"46":{"start":{"line":160,"column":8},"end":{"line":160,"column":72}},"47":{"start":{"line":162,"column":25},"end":{"line":181,"column":5}},"48":{"start":{"line":183,"column":4},"end":{"line":190,"column":5}},"49":{"start":{"line":184,"column":8},"end":{"line":184,"column":61}},"50":{"start":{"line":185,"column":21},"end":{"line":185,"column":48}},"51":{"start":{"line":187,"column":8},"end":{"line":187,"column":35}},"52":{"start":{"line":189,"column":8},"end":{"line":189,"column":55}},"53":{"start":{"line":200,"column":22},"end":{"line":214,"column":1}},"54":{"start":{"line":201,"column":19},"end":{"line":201,"column":29}},"55":{"start":{"line":203,"column":4},"end":{"line":205,"column":5}},"56":{"start":{"line":204,"column":8},"end":{"line":204,"column":72}},"57":{"start":{"line":207,"column":21},"end":{"line":207,"column":53}},"58":{"start":{"line":209,"column":4},"end":{"line":211,"column":5}},"59":{"start":{"line":210,"column":8},"end":{"line":210,"column":61}},"60":{"start":{"line":213,"column":4},"end":{"line":213,"column":27}},"61":{"start":{"line":216,"column":32},"end":{"line":239,"column":1}},"62":{"start":{"line":217,"column":4},"end":{"line":217,"column":36}},"63":{"start":{"line":218,"column":4},"end":{"line":218,"column":29}},"64":{"start":{"line":219,"column":4},"end":{"line":223,"column":7}},"65":{"start":{"line":224,"column":19},"end":{"line":233,"column":12}},"66":{"start":{"line":225,"column":28},"end":{"line":225,"column":97}},"67":{"start":{"line":227,"column":8},"end":{"line":227,"column":35}},"68":{"start":{"line":228,"column":8},"end":{"line":228,"column":58}},"69":{"start":{"line":229,"column":8},"end":{"line":229,"column":26}},"70":{"start":{"line":230,"column":8},"end":{"line":232,"column":9}},"71":{"start":{"line":231,"column":12},"end":{"line":231,"column":67}},"72":{"start":{"line":235,"column":4},"end":{"line":238,"column":7}},"73":{"start":{"line":236,"column":8},"end":{"line":236,"column":32}},"74":{"start":{"line":237,"column":8},"end":{"line":237,"column":30}},"75":{"start":{"line":241,"column":31},"end":{"line":264,"column":1}},"76":{"start":{"line":242,"column":4},"end":{"line":242,"column":36}},"77":{"start":{"line":243,"column":4},"end":{"line":243,"column":29}},"78":{"start":{"line":244,"column":4},"end":{"line":248,"column":7}},"79":{"start":{"line":249,"column":19},"end":{"line":258,"column":12}},"80":{"start":{"line":250,"column":21},"end":{"line":253,"column":10}},"81":{"start":{"line":255,"column":8},"end":{"line":255,"column":35}},"82":{"start":{"line":256,"column":8},"end":{"line":256,"column":51}},"83":{"start":{"line":257,"column":8},"end":{"line":257,"column":26}},"84":{"start":{"line":260,"column":4},"end":{"line":263,"column":7}},"85":{"start":{"line":261,"column":8},"end":{"line":261,"column":32}},"86":{"start":{"line":262,"column":8},"end":{"line":262,"column":30}},"87":{"start":{"line":266,"column":0},"end":{"line":278,"column":2}}},"fnMap":{"0":{"name":"(anonymous_0)","decl":{"start":{"line":12,"column":20},"end":{"line":12,"column":21}},"loc":{"start":{"line":12,"column":40},"end":{"line":16,"column":1}},"line":12},"1":{"name":"(anonymous_1)","decl":{"start":{"line":26,"column":19},"end":{"line":26,"column":20}},"loc":{"start":{"line":26,"column":39},"end":{"line":40,"column":1}},"line":26},"2":{"name":"(anonymous_2)","decl":{"start":{"line":50,"column":19},"end":{"line":50,"column":20}},"loc":{"start":{"line":50,"column":39},"end":{"line":68,"column":1}},"line":50},"3":{"name":"(anonymous_3)","decl":{"start":{"line":78,"column":26},"end":{"line":78,"column":27}},"loc":{"start":{"line":78,"column":46},"end":{"line":92,"column":1}},"line":78},"4":{"name":"(anonymous_4)","decl":{"start":{"line":108,"column":35},"end":{"line":108,"column":36}},"loc":{"start":{"line":108,"column":55},"end":{"line":122,"column":1}},"line":108},"5":{"name":"(anonymous_5)","decl":{"start":{"line":132,"column":32},"end":{"line":132,"column":33}},"loc":{"start":{"line":132,"column":52},"end":{"line":146,"column":1}},"line":132},"6":{"name":"(anonymous_6)","decl":{"start":{"line":156,"column":22},"end":{"line":156,"column":23}},"loc":{"start":{"line":156,"column":42},"end":{"line":191,"column":1}},"line":156},"7":{"name":"(anonymous_7)","decl":{"start":{"line":200,"column":22},"end":{"line":200,"column":23}},"loc":{"start":{"line":200,"column":42},"end":{"line":214,"column":1}},"line":200},"8":{"name":"(anonymous_8)","decl":{"start":{"line":216,"column":32},"end":{"line":216,"column":33}},"loc":{"start":{"line":216,"column":52},"end":{"line":239,"column":1}},"line":216},"9":{"name":"(anonymous_9)","decl":{"start":{"line":224,"column":31},"end":{"line":224,"column":32}},"loc":{"start":{"line":224,"column":49},"end":{"line":233,"column":5}},"line":224},"10":{"name":"(anonymous_10)","decl":{"start":{"line":235,"column":20},"end":{"line":235,"column":21}},"loc":{"start":{"line":235,"column":26},"end":{"line":238,"column":5}},"line":235},"11":{"name":"(anonymous_11)","decl":{"start":{"line":241,"column":31},"end":{"line":241,"column":32}},"loc":{"start":{"line":241,"column":51},"end":{"line":264,"column":1}},"line":241},"12":{"name":"(anonymous_12)","decl":{"start":{"line":249,"column":31},"end":{"line":249,"column":32}},"loc":{"start":{"line":249,"column":49},"end":{"line":258,"column":5}},"line":249},"13":{"name":"(anonymous_13)","decl":{"start":{"line":260,"column":20},"end":{"line":260,"column":21}},"loc":{"start":{"line":260,"column":26},"end":{"line":263,"column":5}},"line":260}},"branchMap":{"0":{"loc":{"start":{"line":29,"column":4},"end":{"line":31,"column":5}},"type":"if","locations":[{"start":{"line":29,"column":4},"end":{"line":31,"column":5}},{"start":{},"end":{}}],"line":29},"1":{"loc":{"start":{"line":35,"column":4},"end":{"line":37,"column":5}},"type":"if","locations":[{"start":{"line":35,"column":4},"end":{"line":37,"column":5}},{"start":{},"end":{}}],"line":35},"2":{"loc":{"start":{"line":81,"column":4},"end":{"line":83,"column":5}},"type":"if","locations":[{"start":{"line":81,"column":4},"end":{"line":83,"column":5}},{"start":{},"end":{}}],"line":81},"3":{"loc":{"start":{"line":87,"column":4},"end":{"line":89,"column":5}},"type":"if","locations":[{"start":{"line":87,"column":4},"end":{"line":89,"column":5}},{"start":{},"end":{}}],"line":87},"4":{"loc":{"start":{"line":111,"column":4},"end":{"line":113,"column":5}},"type":"if","locations":[{"start":{"line":111,"column":4},"end":{"line":113,"column":5}},{"start":{},"end":{}}],"line":111},"5":{"loc":{"start":{"line":117,"column":4},"end":{"line":119,"column":5}},"type":"if","locations":[{"start":{"line":117,"column":4},"end":{"line":119,"column":5}},{"start":{},"end":{}}],"line":117},"6":{"loc":{"start":{"line":135,"column":4},"end":{"line":137,"column":5}},"type":"if","locations":[{"start":{"line":135,"column":4},"end":{"line":137,"column":5}},{"start":{},"end":{}}],"line":135},"7":{"loc":{"start":{"line":141,"column":4},"end":{"line":143,"column":5}},"type":"if","locations":[{"start":{"line":141,"column":4},"end":{"line":143,"column":5}},{"start":{},"end":{}}],"line":141},"8":{"loc":{"start":{"line":159,"column":4},"end":{"line":161,"column":5}},"type":"if","locations":[{"start":{"line":159,"column":4},"end":{"line":161,"column":5}},{"start":{},"end":{}}],"line":159},"9":{"loc":{"start":{"line":203,"column":4},"end":{"line":205,"column":5}},"type":"if","locations":[{"start":{"line":203,"column":4},"end":{"line":205,"column":5}},{"start":{},"end":{}}],"line":203},"10":{"loc":{"start":{"line":209,"column":4},"end":{"line":211,"column":5}},"type":"if","locations":[{"start":{"line":209,"column":4},"end":{"line":211,"column":5}},{"start":{},"end":{}}],"line":209},"11":{"loc":{"start":{"line":230,"column":8},"end":{"line":232,"column":9}},"type":"if","locations":[{"start":{"line":230,"column":8},"end":{"line":232,"column":9}},{"start":{},"end":{}}],"line":230}},"s":{"0":5,"1":5,"2":5,"3":2,"4":2,"5":5,"6":3,"7":3,"8":1,"9":2,"10":2,"11":1,"12":1,"13":5,"14":13,"15":13,"16":13,"17":12,"18":1,"19":5,"20":3,"21":3,"22":1,"23":2,"24":2,"25":1,"26":1,"27":5,"28":3,"29":3,"30":1,"31":2,"32":2,"33":1,"34":1,"35":5,"36":3,"37":3,"38":1,"39":2,"40":2,"41":1,"42":1,"43":5,"44":2,"45":2,"46":1,"47":1,"48":1,"49":1,"50":1,"51":1,"52":0,"53":5,"54":3,"55":3,"56":1,"57":2,"58":2,"59":1,"60":1,"61":5,"62":0,"63":0,"64":0,"65":0,"66":0,"67":0,"68":0,"69":0,"70":0,"71":0,"72":0,"73":0,"74":0,"75":5,"76":0,"77":0,"78":0,"79":0,"80":0,"81":0,"82":0,"83":0,"84":0,"85":0,"86":0,"87":5},"f":{"0":2,"1":3,"2":13,"3":3,"4":3,"5":3,"6":2,"7":3,"8":0,"9":0,"10":0,"11":0,"12":0,"13":0},"b":{"0":[1,2],"1":[1,1],"2":[1,2],"3":[1,1],"4":[1,2],"5":[1,1],"6":[1,2],"7":[1,1],"8":[1,1],"9":[1,2],"10":[1,1],"11":[0,0]},"_coverageSchema":"1a1c01bbd47fc00a2c39e90264f33305004495a9","hash":"f8c28c511c0009bf2d3e37e6fd73448790f9cee7"}
,"/Users/mariabjuvsjo/Desktop/Vteam2/wEbike/controllers/chargeSt.js": {"path":"/Users/mariabjuvsjo/Desktop/Vteam2/wEbike/controllers/chargeSt.js","statementMap":{"0":{"start":{"line":1,"column":17},"end":{"line":1,"column":36}},"1":{"start":{"line":2,"column":17},"end":{"line":2,"column":46}},"2":{"start":{"line":11,"column":23},"end":{"line":15,"column":1}},"3":{"start":{"line":12,"column":21},"end":{"line":12,"column":44}},"4":{"start":{"line":14,"column":4},"end":{"line":14,"column":35}},"5":{"start":{"line":28,"column":23},"end":{"line":38,"column":1}},"6":{"start":{"line":29,"column":39},"end":{"line":29,"column":47}},"7":{"start":{"line":31,"column":4},"end":{"line":37,"column":5}},"8":{"start":{"line":32,"column":25},"end":{"line":32,"column":74}},"9":{"start":{"line":34,"column":8},"end":{"line":34,"column":39}},"10":{"start":{"line":36,"column":8},"end":{"line":36,"column":55}},"11":{"start":{"line":48,"column":29},"end":{"line":62,"column":1}},"12":{"start":{"line":49,"column":23},"end":{"line":49,"column":33}},"13":{"start":{"line":51,"column":4},"end":{"line":53,"column":5}},"14":{"start":{"line":52,"column":8},"end":{"line":52,"column":72}},"15":{"start":{"line":55,"column":27},"end":{"line":55,"column":77}},"16":{"start":{"line":57,"column":4},"end":{"line":59,"column":5}},"17":{"start":{"line":58,"column":8},"end":{"line":58,"column":81}},"18":{"start":{"line":61,"column":4},"end":{"line":61,"column":41}},"19":{"start":{"line":72,"column":23},"end":{"line":86,"column":1}},"20":{"start":{"line":73,"column":19},"end":{"line":73,"column":29}},"21":{"start":{"line":75,"column":4},"end":{"line":77,"column":5}},"22":{"start":{"line":76,"column":8},"end":{"line":76,"column":72}},"23":{"start":{"line":79,"column":19},"end":{"line":79,"column":46}},"24":{"start":{"line":81,"column":4},"end":{"line":83,"column":5}},"25":{"start":{"line":82,"column":8},"end":{"line":82,"column":81}},"26":{"start":{"line":85,"column":4},"end":{"line":85,"column":33}},"27":{"start":{"line":97,"column":26},"end":{"line":121,"column":1}},"28":{"start":{"line":98,"column":19},"end":{"line":98,"column":29}},"29":{"start":{"line":100,"column":4},"end":{"line":102,"column":5}},"30":{"start":{"line":101,"column":8},"end":{"line":101,"column":72}},"31":{"start":{"line":104,"column":25},"end":{"line":111,"column":5}},"32":{"start":{"line":113,"column":4},"end":{"line":120,"column":5}},"33":{"start":{"line":114,"column":8},"end":{"line":114,"column":61}},"34":{"start":{"line":115,"column":23},"end":{"line":115,"column":50}},"35":{"start":{"line":117,"column":8},"end":{"line":117,"column":37}},"36":{"start":{"line":119,"column":8},"end":{"line":119,"column":55}},"37":{"start":{"line":125,"column":0},"end":{"line":131,"column":2}}},"fnMap":{"0":{"name":"(anonymous_0)","decl":{"start":{"line":11,"column":23},"end":{"line":11,"column":24}},"loc":{"start":{"line":11,"column":43},"end":{"line":15,"column":1}},"line":11},"1":{"name":"(anonymous_1)","decl":{"start":{"line":28,"column":23},"end":{"line":28,"column":24}},"loc":{"start":{"line":28,"column":43},"end":{"line":38,"column":1}},"line":28},"2":{"name":"(anonymous_2)","decl":{"start":{"line":48,"column":29},"end":{"line":48,"column":30}},"loc":{"start":{"line":48,"column":49},"end":{"line":62,"column":1}},"line":48},"3":{"name":"(anonymous_3)","decl":{"start":{"line":72,"column":23},"end":{"line":72,"column":24}},"loc":{"start":{"line":72,"column":43},"end":{"line":86,"column":1}},"line":72},"4":{"name":"(anonymous_4)","decl":{"start":{"line":97,"column":26},"end":{"line":97,"column":27}},"loc":{"start":{"line":97,"column":46},"end":{"line":121,"column":1}},"line":97}},"branchMap":{"0":{"loc":{"start":{"line":51,"column":4},"end":{"line":53,"column":5}},"type":"if","locations":[{"start":{"line":51,"column":4},"end":{"line":53,"column":5}},{"start":{},"end":{}}],"line":51},"1":{"loc":{"start":{"line":57,"column":4},"end":{"line":59,"column":5}},"type":"if","locations":[{"start":{"line":57,"column":4},"end":{"line":59,"column":5}},{"start":{},"end":{}}],"line":57},"2":{"loc":{"start":{"line":75,"column":4},"end":{"line":77,"column":5}},"type":"if","locations":[{"start":{"line":75,"column":4},"end":{"line":77,"column":5}},{"start":{},"end":{}}],"line":75},"3":{"loc":{"start":{"line":81,"column":4},"end":{"line":83,"column":5}},"type":"if","locations":[{"start":{"line":81,"column":4},"end":{"line":83,"column":5}},{"start":{},"end":{}}],"line":81},"4":{"loc":{"start":{"line":100,"column":4},"end":{"line":102,"column":5}},"type":"if","locations":[{"start":{"line":100,"column":4},"end":{"line":102,"column":5}},{"start":{},"end":{}}],"line":100}},"s":{"0":5,"1":5,"2":5,"3":2,"4":2,"5":5,"6":5,"7":5,"8":5,"9":4,"10":1,"11":5,"12":3,"13":3,"14":1,"15":2,"16":2,"17":1,"18":1,"19":5,"20":3,"21":3,"22":1,"23":2,"24":2,"25":1,"26":1,"27":5,"28":2,"29":2,"30":1,"31":1,"32":1,"33":1,"34":1,"35":1,"36":0,"37":5},"f":{"0":2,"1":5,"2":3,"3":3,"4":2},"b":{"0":[1,2],"1":[1,1],"2":[1,2],"3":[1,1],"4":[1,1]},"_coverageSchema":"1a1c01bbd47fc00a2c39e90264f33305004495a9","hash":"9da9b13e2f6439c386c5da3b0659de056c1109aa"}
,"/Users/mariabjuvsjo/Desktop/Vteam2/wEbike/controllers/city.js": {"path":"/Users/mariabjuvsjo/Desktop/Vteam2/wEbike/controllers/city.js","statementMap":{"0":{"start":{"line":1,"column":17},"end":{"line":1,"column":36}},"1":{"start":{"line":2,"column":13},"end":{"line":2,"column":38}},"2":{"start":{"line":11,"column":21},"end":{"line":15,"column":1}},"3":{"start":{"line":12,"column":19},"end":{"line":12,"column":38}},"4":{"start":{"line":14,"column":4},"end":{"line":14,"column":33}},"5":{"start":{"line":22,"column":16},"end":{"line":32,"column":1}},"6":{"start":{"line":23,"column":31},"end":{"line":23,"column":39}},"7":{"start":{"line":25,"column":4},"end":{"line":31,"column":5}},"8":{"start":{"line":26,"column":21},"end":{"line":26,"column":58}},"9":{"start":{"line":28,"column":8},"end":{"line":28,"column":35}},"10":{"start":{"line":30,"column":8},"end":{"line":30,"column":55}},"11":{"start":{"line":41,"column":19},"end":{"line":55,"column":1}},"12":{"start":{"line":42,"column":19},"end":{"line":42,"column":29}},"13":{"start":{"line":44,"column":4},"end":{"line":46,"column":5}},"14":{"start":{"line":45,"column":8},"end":{"line":45,"column":72}},"15":{"start":{"line":48,"column":17},"end":{"line":48,"column":40}},"16":{"start":{"line":50,"column":4},"end":{"line":52,"column":5}},"17":{"start":{"line":51,"column":8},"end":{"line":51,"column":61}},"18":{"start":{"line":54,"column":4},"end":{"line":54,"column":31}},"19":{"start":{"line":64,"column":22},"end":{"line":78,"column":1}},"20":{"start":{"line":65,"column":19},"end":{"line":65,"column":29}},"21":{"start":{"line":67,"column":4},"end":{"line":69,"column":5}},"22":{"start":{"line":68,"column":8},"end":{"line":68,"column":72}},"23":{"start":{"line":71,"column":21},"end":{"line":71,"column":53}},"24":{"start":{"line":73,"column":4},"end":{"line":75,"column":5}},"25":{"start":{"line":74,"column":8},"end":{"line":74,"column":61}},"26":{"start":{"line":77,"column":4},"end":{"line":77,"column":27}},"27":{"start":{"line":80,"column":22},"end":{"line":105,"column":1}},"28":{"start":{"line":81,"column":19},"end":{"line":81,"column":29}},"29":{"start":{"line":83,"column":4},"end":{"line":85,"column":5}},"30":{"start":{"line":84,"column":8},"end":{"line":84,"column":72}},"31":{"start":{"line":87,"column":25},"end":{"line":94,"column":5}},"32":{"start":{"line":97,"column":4},"end":{"line":104,"column":5}},"33":{"start":{"line":98,"column":8},"end":{"line":98,"column":57}},"34":{"start":{"line":99,"column":21},"end":{"line":99,"column":44}},"35":{"start":{"line":101,"column":8},"end":{"line":101,"column":35}},"36":{"start":{"line":103,"column":8},"end":{"line":103,"column":55}},"37":{"start":{"line":107,"column":0},"end":{"line":113,"column":2}}},"fnMap":{"0":{"name":"(anonymous_0)","decl":{"start":{"line":11,"column":21},"end":{"line":11,"column":22}},"loc":{"start":{"line":11,"column":41},"end":{"line":15,"column":1}},"line":11},"1":{"name":"(anonymous_1)","decl":{"start":{"line":22,"column":16},"end":{"line":22,"column":17}},"loc":{"start":{"line":22,"column":36},"end":{"line":32,"column":1}},"line":22},"2":{"name":"(anonymous_2)","decl":{"start":{"line":41,"column":19},"end":{"line":41,"column":20}},"loc":{"start":{"line":41,"column":39},"end":{"line":55,"column":1}},"line":41},"3":{"name":"(anonymous_3)","decl":{"start":{"line":64,"column":22},"end":{"line":64,"column":23}},"loc":{"start":{"line":64,"column":42},"end":{"line":78,"column":1}},"line":64},"4":{"name":"(anonymous_4)","decl":{"start":{"line":80,"column":22},"end":{"line":80,"column":23}},"loc":{"start":{"line":80,"column":42},"end":{"line":105,"column":1}},"line":80}},"branchMap":{"0":{"loc":{"start":{"line":44,"column":4},"end":{"line":46,"column":5}},"type":"if","locations":[{"start":{"line":44,"column":4},"end":{"line":46,"column":5}},{"start":{},"end":{}}],"line":44},"1":{"loc":{"start":{"line":50,"column":4},"end":{"line":52,"column":5}},"type":"if","locations":[{"start":{"line":50,"column":4},"end":{"line":52,"column":5}},{"start":{},"end":{}}],"line":50},"2":{"loc":{"start":{"line":67,"column":4},"end":{"line":69,"column":5}},"type":"if","locations":[{"start":{"line":67,"column":4},"end":{"line":69,"column":5}},{"start":{},"end":{}}],"line":67},"3":{"loc":{"start":{"line":73,"column":4},"end":{"line":75,"column":5}},"type":"if","locations":[{"start":{"line":73,"column":4},"end":{"line":75,"column":5}},{"start":{},"end":{}}],"line":73},"4":{"loc":{"start":{"line":83,"column":4},"end":{"line":85,"column":5}},"type":"if","locations":[{"start":{"line":83,"column":4},"end":{"line":85,"column":5}},{"start":{},"end":{}}],"line":83}},"s":{"0":5,"1":5,"2":5,"3":2,"4":2,"5":5,"6":5,"7":5,"8":5,"9":4,"10":1,"11":5,"12":3,"13":3,"14":1,"15":2,"16":2,"17":1,"18":1,"19":5,"20":3,"21":3,"22":1,"23":2,"24":2,"25":1,"26":1,"27":5,"28":2,"29":2,"30":1,"31":1,"32":1,"33":1,"34":1,"35":1,"36":0,"37":5},"f":{"0":2,"1":5,"2":3,"3":3,"4":2},"b":{"0":[1,2],"1":[1,1],"2":[1,2],"3":[1,1],"4":[1,1]},"_coverageSchema":"1a1c01bbd47fc00a2c39e90264f33305004495a9","hash":"18f084ef1b4c31bf36ca750a2d38bae8efbf051f"}
,"/Users/mariabjuvsjo/Desktop/Vteam2/wEbike/controllers/github.js": {"path":"/Users/mariabjuvsjo/Desktop/Vteam2/wEbike/controllers/github.js","statementMap":{"0":{"start":{"line":1,"column":0},"end":{"line":1,"column":27}},"1":{"start":{"line":2,"column":12},"end":{"line":2,"column":35}},"2":{"start":{"line":3,"column":14},"end":{"line":3,"column":30}},"3":{"start":{"line":4,"column":13},"end":{"line":4,"column":38}},"4":{"start":{"line":5,"column":20},"end":{"line":5,"column":42}},"5":{"start":{"line":6,"column":16},"end":{"line":6,"column":33}},"6":{"start":{"line":8,"column":14},"end":{"line":9,"column":69}},"7":{"start":{"line":9,"column":4},"end":{"line":9,"column":69}},"8":{"start":{"line":9,"column":54},"end":{"line":9,"column":68}},"9":{"start":{"line":11,"column":20},"end":{"line":11,"column":32}},"10":{"start":{"line":21,"column":22},"end":{"line":70,"column":1}},"11":{"start":{"line":22,"column":17},"end":{"line":22,"column":39}},"12":{"start":{"line":23,"column":17},"end":{"line":23,"column":44}},"13":{"start":{"line":26,"column":24},"end":{"line":34,"column":10}},"14":{"start":{"line":30,"column":23},"end":{"line":30,"column":31}},"15":{"start":{"line":33,"column":12},"end":{"line":33,"column":24}},"16":{"start":{"line":36,"column":20},"end":{"line":36,"column":50}},"17":{"start":{"line":38,"column":24},"end":{"line":38,"column":44}},"18":{"start":{"line":40,"column":4},"end":{"line":69,"column":7}},"19":{"start":{"line":46,"column":8},"end":{"line":46,"column":31}},"20":{"start":{"line":48,"column":23},"end":{"line":48,"column":30}},"21":{"start":{"line":50,"column":23},"end":{"line":50,"column":33}},"22":{"start":{"line":52,"column":27},"end":{"line":52,"column":59}},"23":{"start":{"line":54,"column":8},"end":{"line":56,"column":9}},"24":{"start":{"line":55,"column":25},"end":{"line":55,"column":66}},"25":{"start":{"line":58,"column":21},"end":{"line":58,"column":53}},"26":{"start":{"line":60,"column":22},"end":{"line":60,"column":42}},"27":{"start":{"line":62,"column":8},"end":{"line":66,"column":11}},"28":{"start":{"line":68,"column":8},"end":{"line":68,"column":53}},"29":{"start":{"line":73,"column":19},"end":{"line":77,"column":1}},"30":{"start":{"line":74,"column":4},"end":{"line":76,"column":7}},"31":{"start":{"line":87,"column":22},"end":{"line":99,"column":1}},"32":{"start":{"line":88,"column":19},"end":{"line":88,"column":54}},"33":{"start":{"line":90,"column":4},"end":{"line":98,"column":5}},"34":{"start":{"line":92,"column":23},"end":{"line":92,"column":65}},"35":{"start":{"line":95,"column":8},"end":{"line":95,"column":32}},"36":{"start":{"line":97,"column":8},"end":{"line":97,"column":30}},"37":{"start":{"line":101,"column":0},"end":{"line":104,"column":2}}},"fnMap":{"0":{"name":"(anonymous_0)","decl":{"start":{"line":8,"column":14},"end":{"line":8,"column":15}},"loc":{"start":{"line":9,"column":4},"end":{"line":9,"column":69}},"line":9},"1":{"name":"(anonymous_1)","decl":{"start":{"line":9,"column":30},"end":{"line":9,"column":31}},"loc":{"start":{"line":9,"column":54},"end":{"line":9,"column":68}},"line":9},"2":{"name":"(anonymous_2)","decl":{"start":{"line":21,"column":22},"end":{"line":21,"column":23}},"loc":{"start":{"line":21,"column":42},"end":{"line":70,"column":1}},"line":21},"3":{"name":"(anonymous_3)","decl":{"start":{"line":30,"column":14},"end":{"line":30,"column":15}},"loc":{"start":{"line":30,"column":23},"end":{"line":30,"column":31}},"line":30},"4":{"name":"(anonymous_4)","decl":{"start":{"line":32,"column":15},"end":{"line":32,"column":16}},"loc":{"start":{"line":32,"column":26},"end":{"line":34,"column":9}},"line":32},"5":{"name":"(anonymous_5)","decl":{"start":{"line":45,"column":12},"end":{"line":45,"column":13}},"loc":{"start":{"line":45,"column":26},"end":{"line":47,"column":5}},"line":45},"6":{"name":"(anonymous_6)","decl":{"start":{"line":47,"column":12},"end":{"line":47,"column":13}},"loc":{"start":{"line":47,"column":28},"end":{"line":69,"column":5}},"line":47},"7":{"name":"(anonymous_7)","decl":{"start":{"line":73,"column":19},"end":{"line":73,"column":20}},"loc":{"start":{"line":73,"column":27},"end":{"line":77,"column":1}},"line":73},"8":{"name":"(anonymous_8)","decl":{"start":{"line":87,"column":22},"end":{"line":87,"column":23}},"loc":{"start":{"line":87,"column":42},"end":{"line":99,"column":1}},"line":87}},"branchMap":{"0":{"loc":{"start":{"line":54,"column":8},"end":{"line":56,"column":9}},"type":"if","locations":[{"start":{"line":54,"column":8},"end":{"line":56,"column":9}},{"start":{},"end":{}}],"line":54}},"s":{"0":5,"1":5,"2":5,"3":5,"4":5,"5":5,"6":5,"7":0,"8":0,"9":5,"10":5,"11":0,"12":0,"13":0,"14":0,"15":0,"16":0,"17":0,"18":0,"19":0,"20":0,"21":0,"22":0,"23":0,"24":0,"25":0,"26":0,"27":0,"28":0,"29":5,"30":0,"31":5,"32":0,"33":0,"34":0,"35":0,"36":0,"37":5},"f":{"0":0,"1":0,"2":0,"3":0,"4":0,"5":0,"6":0,"7":0,"8":0},"b":{"0":[0,0]},"_coverageSchema":"1a1c01bbd47fc00a2c39e90264f33305004495a9","hash":"212d3786563e572cff9e5275adeb8335f1f635a4"}
,"/Users/mariabjuvsjo/Desktop/Vteam2/wEbike/controllers/parking.js": {"path":"/Users/mariabjuvsjo/Desktop/Vteam2/wEbike/controllers/parking.js","statementMap":{"0":{"start":{"line":1,"column":17},"end":{"line":1,"column":36}},"1":{"start":{"line":2,"column":16},"end":{"line":2,"column":44}},"2":{"start":{"line":11,"column":22},"end":{"line":15,"column":1}},"3":{"start":{"line":12,"column":20},"end":{"line":12,"column":42}},"4":{"start":{"line":14,"column":4},"end":{"line":14,"column":34}},"5":{"start":{"line":25,"column":22},"end":{"line":39,"column":1}},"6":{"start":{"line":26,"column":19},"end":{"line":26,"column":29}},"7":{"start":{"line":28,"column":4},"end":{"line":30,"column":5}},"8":{"start":{"line":29,"column":8},"end":{"line":29,"column":72}},"9":{"start":{"line":32,"column":20},"end":{"line":32,"column":46}},"10":{"start":{"line":34,"column":4},"end":{"line":36,"column":5}},"11":{"start":{"line":35,"column":8},"end":{"line":35,"column":82}},"12":{"start":{"line":38,"column":4},"end":{"line":38,"column":34}},"13":{"start":{"line":49,"column":22},"end":{"line":59,"column":1}},"14":{"start":{"line":50,"column":39},"end":{"line":50,"column":47}},"15":{"start":{"line":52,"column":4},"end":{"line":58,"column":5}},"16":{"start":{"line":53,"column":24},"end":{"line":53,"column":72}},"17":{"start":{"line":55,"column":8},"end":{"line":55,"column":38}},"18":{"start":{"line":57,"column":8},"end":{"line":57,"column":55}},"19":{"start":{"line":69,"column":28},"end":{"line":83,"column":1}},"20":{"start":{"line":70,"column":23},"end":{"line":70,"column":33}},"21":{"start":{"line":72,"column":4},"end":{"line":74,"column":5}},"22":{"start":{"line":73,"column":8},"end":{"line":73,"column":72}},"23":{"start":{"line":76,"column":26},"end":{"line":76,"column":75}},"24":{"start":{"line":78,"column":4},"end":{"line":80,"column":5}},"25":{"start":{"line":79,"column":8},"end":{"line":79,"column":80}},"26":{"start":{"line":82,"column":4},"end":{"line":82,"column":40}},"27":{"start":{"line":94,"column":25},"end":{"line":117,"column":1}},"28":{"start":{"line":95,"column":19},"end":{"line":95,"column":29}},"29":{"start":{"line":97,"column":4},"end":{"line":99,"column":5}},"30":{"start":{"line":98,"column":8},"end":{"line":98,"column":72}},"31":{"start":{"line":101,"column":25},"end":{"line":107,"column":5}},"32":{"start":{"line":109,"column":4},"end":{"line":116,"column":5}},"33":{"start":{"line":110,"column":8},"end":{"line":110,"column":60}},"34":{"start":{"line":111,"column":24},"end":{"line":111,"column":50}},"35":{"start":{"line":113,"column":8},"end":{"line":113,"column":38}},"36":{"start":{"line":115,"column":8},"end":{"line":115,"column":55}},"37":{"start":{"line":121,"column":0},"end":{"line":127,"column":2}}},"fnMap":{"0":{"name":"(anonymous_0)","decl":{"start":{"line":11,"column":22},"end":{"line":11,"column":23}},"loc":{"start":{"line":11,"column":42},"end":{"line":15,"column":1}},"line":11},"1":{"name":"(anonymous_1)","decl":{"start":{"line":25,"column":22},"end":{"line":25,"column":23}},"loc":{"start":{"line":25,"column":42},"end":{"line":39,"column":1}},"line":25},"2":{"name":"(anonymous_2)","decl":{"start":{"line":49,"column":22},"end":{"line":49,"column":23}},"loc":{"start":{"line":49,"column":42},"end":{"line":59,"column":1}},"line":49},"3":{"name":"(anonymous_3)","decl":{"start":{"line":69,"column":28},"end":{"line":69,"column":29}},"loc":{"start":{"line":69,"column":48},"end":{"line":83,"column":1}},"line":69},"4":{"name":"(anonymous_4)","decl":{"start":{"line":94,"column":25},"end":{"line":94,"column":26}},"loc":{"start":{"line":94,"column":45},"end":{"line":117,"column":1}},"line":94}},"branchMap":{"0":{"loc":{"start":{"line":28,"column":4},"end":{"line":30,"column":5}},"type":"if","locations":[{"start":{"line":28,"column":4},"end":{"line":30,"column":5}},{"start":{},"end":{}}],"line":28},"1":{"loc":{"start":{"line":34,"column":4},"end":{"line":36,"column":5}},"type":"if","locations":[{"start":{"line":34,"column":4},"end":{"line":36,"column":5}},{"start":{},"end":{}}],"line":34},"2":{"loc":{"start":{"line":72,"column":4},"end":{"line":74,"column":5}},"type":"if","locations":[{"start":{"line":72,"column":4},"end":{"line":74,"column":5}},{"start":{},"end":{}}],"line":72},"3":{"loc":{"start":{"line":78,"column":4},"end":{"line":80,"column":5}},"type":"if","locations":[{"start":{"line":78,"column":4},"end":{"line":80,"column":5}},{"start":{},"end":{}}],"line":78},"4":{"loc":{"start":{"line":97,"column":4},"end":{"line":99,"column":5}},"type":"if","locations":[{"start":{"line":97,"column":4},"end":{"line":99,"column":5}},{"start":{},"end":{}}],"line":97}},"s":{"0":5,"1":5,"2":5,"3":2,"4":2,"5":5,"6":3,"7":3,"8":1,"9":2,"10":2,"11":1,"12":1,"13":5,"14":5,"15":5,"16":5,"17":4,"18":1,"19":5,"20":3,"21":3,"22":1,"23":2,"24":2,"25":1,"26":1,"27":5,"28":2,"29":2,"30":1,"31":1,"32":1,"33":1,"34":1,"35":1,"36":0,"37":5},"f":{"0":2,"1":3,"2":5,"3":3,"4":2},"b":{"0":[1,2],"1":[1,1],"2":[1,2],"3":[1,1],"4":[1,1]},"_coverageSchema":"1a1c01bbd47fc00a2c39e90264f33305004495a9","hash":"5a80d9ea52762e30ec80a5526d31a41232a76eda"}
,"/Users/mariabjuvsjo/Desktop/Vteam2/wEbike/controllers/prices.js": {"path":"/Users/mariabjuvsjo/Desktop/Vteam2/wEbike/controllers/prices.js","statementMap":{"0":{"start":{"line":1,"column":14},"end":{"line":1,"column":41}},"1":{"start":{"line":2,"column":17},"end":{"line":2,"column":36}},"2":{"start":{"line":10,"column":18},"end":{"line":14,"column":1}},"3":{"start":{"line":11,"column":19},"end":{"line":11,"column":39}},"4":{"start":{"line":13,"column":4},"end":{"line":13,"column":33}},"5":{"start":{"line":16,"column":21},"end":{"line":40,"column":1}},"6":{"start":{"line":17,"column":24},"end":{"line":17,"column":34}},"7":{"start":{"line":19,"column":4},"end":{"line":21,"column":5}},"8":{"start":{"line":20,"column":8},"end":{"line":20,"column":72}},"9":{"start":{"line":23,"column":25},"end":{"line":30,"column":5}},"10":{"start":{"line":32,"column":4},"end":{"line":39,"column":5}},"11":{"start":{"line":33,"column":8},"end":{"line":33,"column":63}},"12":{"start":{"line":34,"column":22},"end":{"line":34,"column":51}},"13":{"start":{"line":36,"column":8},"end":{"line":36,"column":36}},"14":{"start":{"line":38,"column":8},"end":{"line":38,"column":55}},"15":{"start":{"line":44,"column":0},"end":{"line":47,"column":2}}},"fnMap":{"0":{"name":"(anonymous_0)","decl":{"start":{"line":10,"column":18},"end":{"line":10,"column":19}},"loc":{"start":{"line":10,"column":38},"end":{"line":14,"column":1}},"line":10},"1":{"name":"(anonymous_1)","decl":{"start":{"line":16,"column":21},"end":{"line":16,"column":22}},"loc":{"start":{"line":16,"column":41},"end":{"line":40,"column":1}},"line":16}},"branchMap":{"0":{"loc":{"start":{"line":19,"column":4},"end":{"line":21,"column":5}},"type":"if","locations":[{"start":{"line":19,"column":4},"end":{"line":21,"column":5}},{"start":{},"end":{}}],"line":19}},"s":{"0":5,"1":5,"2":5,"3":1,"4":1,"5":5,"6":1,"7":1,"8":1,"9":0,"10":0,"11":0,"12":0,"13":0,"14":0,"15":5},"f":{"0":1,"1":1},"b":{"0":[1,0]},"_coverageSchema":"1a1c01bbd47fc00a2c39e90264f33305004495a9","hash":"b74f581288e355ec0bdb4cfde33e038685770b3e"}
,"/Users/mariabjuvsjo/Desktop/Vteam2/wEbike/controllers/users.js": {"path":"/Users/mariabjuvsjo/Desktop/Vteam2/wEbike/controllers/users.js","statementMap":{"0":{"start":{"line":1,"column":0},"end":{"line":1,"column":27}},"1":{"start":{"line":2,"column":17},"end":{"line":2,"column":36}},"2":{"start":{"line":3,"column":15},"end":{"line":3,"column":34}},"3":{"start":{"line":4,"column":12},"end":{"line":4,"column":35}},"4":{"start":{"line":5,"column":13},"end":{"line":5,"column":38}},"5":{"start":{"line":7,"column":20},"end":{"line":7,"column":32}},"6":{"start":{"line":17,"column":20},"end":{"line":21,"column":1}},"7":{"start":{"line":18,"column":18},"end":{"line":18,"column":37}},"8":{"start":{"line":20,"column":4},"end":{"line":20,"column":32}},"9":{"start":{"line":31,"column":24},"end":{"line":35,"column":1}},"10":{"start":{"line":32,"column":22},"end":{"line":32,"column":59}},"11":{"start":{"line":34,"column":4},"end":{"line":34,"column":36}},"12":{"start":{"line":45,"column":23},"end":{"line":59,"column":1}},"13":{"start":{"line":46,"column":19},"end":{"line":46,"column":29}},"14":{"start":{"line":48,"column":4},"end":{"line":50,"column":5}},"15":{"start":{"line":49,"column":8},"end":{"line":49,"column":75}},"16":{"start":{"line":52,"column":21},"end":{"line":52,"column":44}},"17":{"start":{"line":54,"column":4},"end":{"line":56,"column":5}},"18":{"start":{"line":55,"column":8},"end":{"line":55,"column":75}},"19":{"start":{"line":58,"column":4},"end":{"line":58,"column":35}},"20":{"start":{"line":69,"column":26},"end":{"line":79,"column":1}},"21":{"start":{"line":70,"column":25},"end":{"line":70,"column":35}},"22":{"start":{"line":72,"column":22},"end":{"line":72,"column":61}},"23":{"start":{"line":74,"column":4},"end":{"line":76,"column":5}},"24":{"start":{"line":75,"column":8},"end":{"line":75,"column":65}},"25":{"start":{"line":78,"column":4},"end":{"line":78,"column":36}},"26":{"start":{"line":89,"column":22},"end":{"line":100,"column":1}},"27":{"start":{"line":90,"column":36},"end":{"line":90,"column":46}},"28":{"start":{"line":93,"column":22},"end":{"line":93,"column":83}},"29":{"start":{"line":95,"column":4},"end":{"line":97,"column":5}},"30":{"start":{"line":96,"column":8},"end":{"line":96,"column":65}},"31":{"start":{"line":99,"column":4},"end":{"line":99,"column":36}},"32":{"start":{"line":114,"column":15},"end":{"line":143,"column":1}},"33":{"start":{"line":117,"column":35},"end":{"line":117,"column":43}},"34":{"start":{"line":119,"column":4},"end":{"line":121,"column":5}},"35":{"start":{"line":120,"column":8},"end":{"line":120,"column":66}},"36":{"start":{"line":123,"column":17},"end":{"line":123,"column":49}},"37":{"start":{"line":125,"column":24},"end":{"line":125,"column":69}},"38":{"start":{"line":127,"column":4},"end":{"line":142,"column":5}},"39":{"start":{"line":128,"column":22},"end":{"line":128,"column":42}},"40":{"start":{"line":130,"column":8},"end":{"line":139,"column":11}},"41":{"start":{"line":141,"column":8},"end":{"line":141,"column":68}},"42":{"start":{"line":155,"column":15},"end":{"line":193,"column":1}},"43":{"start":{"line":156,"column":56},"end":{"line":156,"column":64}},"44":{"start":{"line":159,"column":24},"end":{"line":159,"column":56}},"45":{"start":{"line":161,"column":4},"end":{"line":163,"column":5}},"46":{"start":{"line":162,"column":8},"end":{"line":162,"column":70}},"47":{"start":{"line":165,"column":17},"end":{"line":165,"column":41}},"48":{"start":{"line":166,"column":21},"end":{"line":166,"column":54}},"49":{"start":{"line":170,"column":17},"end":{"line":175,"column":6}},"50":{"start":{"line":177,"column":18},"end":{"line":177,"column":38}},"51":{"start":{"line":179,"column":4},"end":{"line":192,"column":5}},"52":{"start":{"line":180,"column":8},"end":{"line":189,"column":11}},"53":{"start":{"line":191,"column":8},"end":{"line":191,"column":63}},"54":{"start":{"line":198,"column":19},"end":{"line":202,"column":1}},"55":{"start":{"line":199,"column":4},"end":{"line":201,"column":7}},"56":{"start":{"line":213,"column":19},"end":{"line":246,"column":1}},"57":{"start":{"line":214,"column":19},"end":{"line":214,"column":29}},"58":{"start":{"line":216,"column":4},"end":{"line":218,"column":5}},"59":{"start":{"line":217,"column":8},"end":{"line":217,"column":71}},"60":{"start":{"line":221,"column":25},"end":{"line":236,"column":5}},"61":{"start":{"line":238,"column":4},"end":{"line":245,"column":5}},"62":{"start":{"line":239,"column":8},"end":{"line":239,"column":57}},"63":{"start":{"line":240,"column":25},"end":{"line":240,"column":48}},"64":{"start":{"line":242,"column":8},"end":{"line":242,"column":39}},"65":{"start":{"line":244,"column":8},"end":{"line":244,"column":55}},"66":{"start":{"line":255,"column":19},"end":{"line":269,"column":1}},"67":{"start":{"line":256,"column":19},"end":{"line":256,"column":29}},"68":{"start":{"line":258,"column":4},"end":{"line":260,"column":5}},"69":{"start":{"line":259,"column":8},"end":{"line":259,"column":61}},"70":{"start":{"line":262,"column":21},"end":{"line":262,"column":53}},"71":{"start":{"line":264,"column":4},"end":{"line":266,"column":5}},"72":{"start":{"line":265,"column":8},"end":{"line":265,"column":61}},"73":{"start":{"line":268,"column":4},"end":{"line":268,"column":27}},"74":{"start":{"line":271,"column":0},"end":{"line":281,"column":2}}},"fnMap":{"0":{"name":"(anonymous_0)","decl":{"start":{"line":17,"column":20},"end":{"line":17,"column":21}},"loc":{"start":{"line":17,"column":40},"end":{"line":21,"column":1}},"line":17},"1":{"name":"(anonymous_1)","decl":{"start":{"line":31,"column":24},"end":{"line":31,"column":25}},"loc":{"start":{"line":31,"column":44},"end":{"line":35,"column":1}},"line":31},"2":{"name":"(anonymous_2)","decl":{"start":{"line":45,"column":23},"end":{"line":45,"column":24}},"loc":{"start":{"line":45,"column":43},"end":{"line":59,"column":1}},"line":45},"3":{"name":"(anonymous_3)","decl":{"start":{"line":69,"column":26},"end":{"line":69,"column":27}},"loc":{"start":{"line":69,"column":46},"end":{"line":79,"column":1}},"line":69},"4":{"name":"(anonymous_4)","decl":{"start":{"line":89,"column":22},"end":{"line":89,"column":23}},"loc":{"start":{"line":89,"column":42},"end":{"line":100,"column":1}},"line":89},"5":{"name":"(anonymous_5)","decl":{"start":{"line":114,"column":15},"end":{"line":114,"column":16}},"loc":{"start":{"line":114,"column":35},"end":{"line":143,"column":1}},"line":114},"6":{"name":"(anonymous_6)","decl":{"start":{"line":155,"column":15},"end":{"line":155,"column":16}},"loc":{"start":{"line":155,"column":35},"end":{"line":193,"column":1}},"line":155},"7":{"name":"(anonymous_7)","decl":{"start":{"line":198,"column":19},"end":{"line":198,"column":20}},"loc":{"start":{"line":198,"column":27},"end":{"line":202,"column":1}},"line":198},"8":{"name":"(anonymous_8)","decl":{"start":{"line":213,"column":19},"end":{"line":213,"column":20}},"loc":{"start":{"line":213,"column":39},"end":{"line":246,"column":1}},"line":213},"9":{"name":"(anonymous_9)","decl":{"start":{"line":255,"column":19},"end":{"line":255,"column":20}},"loc":{"start":{"line":255,"column":39},"end":{"line":269,"column":1}},"line":255}},"branchMap":{"0":{"loc":{"start":{"line":48,"column":4},"end":{"line":50,"column":5}},"type":"if","locations":[{"start":{"line":48,"column":4},"end":{"line":50,"column":5}},{"start":{},"end":{}}],"line":48},"1":{"loc":{"start":{"line":54,"column":4},"end":{"line":56,"column":5}},"type":"if","locations":[{"start":{"line":54,"column":4},"end":{"line":56,"column":5}},{"start":{},"end":{}}],"line":54},"2":{"loc":{"start":{"line":74,"column":4},"end":{"line":76,"column":5}},"type":"if","locations":[{"start":{"line":74,"column":4},"end":{"line":76,"column":5}},{"start":{},"end":{}}],"line":74},"3":{"loc":{"start":{"line":95,"column":4},"end":{"line":97,"column":5}},"type":"if","locations":[{"start":{"line":95,"column":4},"end":{"line":97,"column":5}},{"start":{},"end":{}}],"line":95},"4":{"loc":{"start":{"line":119,"column":4},"end":{"line":121,"column":5}},"type":"if","locations":[{"start":{"line":119,"column":4},"end":{"line":121,"column":5}},{"start":{},"end":{}}],"line":119},"5":{"loc":{"start":{"line":119,"column":8},"end":{"line":119,"column":42}},"type":"binary-expr","locations":[{"start":{"line":119,"column":8},"end":{"line":119,"column":23}},{"start":{"line":119,"column":27},"end":{"line":119,"column":42}}],"line":119},"6":{"loc":{"start":{"line":127,"column":4},"end":{"line":142,"column":5}},"type":"if","locations":[{"start":{"line":127,"column":4},"end":{"line":142,"column":5}},{"start":{"line":140,"column":11},"end":{"line":142,"column":5}}],"line":127},"7":{"loc":{"start":{"line":127,"column":8},"end":{"line":127,"column":29}},"type":"binary-expr","locations":[{"start":{"line":127,"column":8},"end":{"line":127,"column":12}},{"start":{"line":127,"column":16},"end":{"line":127,"column":29}}],"line":127},"8":{"loc":{"start":{"line":161,"column":4},"end":{"line":163,"column":5}},"type":"if","locations":[{"start":{"line":161,"column":4},"end":{"line":163,"column":5}},{"start":{},"end":{}}],"line":161},"9":{"loc":{"start":{"line":179,"column":4},"end":{"line":192,"column":5}},"type":"if","locations":[{"start":{"line":179,"column":4},"end":{"line":192,"column":5}},{"start":{"line":190,"column":11},"end":{"line":192,"column":5}}],"line":179},"10":{"loc":{"start":{"line":216,"column":4},"end":{"line":218,"column":5}},"type":"if","locations":[{"start":{"line":216,"column":4},"end":{"line":218,"column":5}},{"start":{},"end":{}}],"line":216},"11":{"loc":{"start":{"line":258,"column":4},"end":{"line":260,"column":5}},"type":"if","locations":[{"start":{"line":258,"column":4},"end":{"line":260,"column":5}},{"start":{},"end":{}}],"line":258},"12":{"loc":{"start":{"line":264,"column":4},"end":{"line":266,"column":5}},"type":"if","locations":[{"start":{"line":264,"column":4},"end":{"line":266,"column":5}},{"start":{},"end":{}}],"line":264}},"s":{"0":5,"1":5,"2":5,"3":5,"4":5,"5":5,"6":5,"7":0,"8":0,"9":5,"10":0,"11":0,"12":5,"13":0,"14":0,"15":0,"16":0,"17":0,"18":0,"19":0,"20":5,"21":0,"22":0,"23":0,"24":0,"25":0,"26":5,"27":0,"28":0,"29":0,"30":0,"31":0,"32":5,"33":0,"34":0,"35":0,"36":0,"37":0,"38":0,"39":0,"40":0,"41":0,"42":5,"43":0,"44":0,"45":0,"46":0,"47":0,"48":0,"49":0,"50":0,"51":0,"52":0,"53":0,"54":5,"55":0,"56":5,"57":0,"58":0,"59":0,"60":0,"61":0,"62":0,"63":0,"64":0,"65":0,"66":5,"67":0,"68":0,"69":0,"70":0,"71":0,"72":0,"73":0,"74":5},"f":{"0":0,"1":0,"2":0,"3":0,"4":0,"5":0,"6":0,"7":0,"8":0,"9":0},"b":{"0":[0,0],"1":[0,0],"2":[0,0],"3":[0,0],"4":[0,0],"5":[0,0],"6":[0,0],"7":[0,0],"8":[0,0],"9":[0,0],"10":[0,0],"11":[0,0],"12":[0,0]},"_coverageSchema":"1a1c01bbd47fc00a2c39e90264f33305004495a9","hash":"b8b0d6a832decc15421ddd726203140818c15776"}
,"/Users/mariabjuvsjo/Desktop/Vteam2/wEbike/middleware/jwtAuth.js": {"path":"/Users/mariabjuvsjo/Desktop/Vteam2/wEbike/middleware/jwtAuth.js","statementMap":{"0":{"start":{"line":1,"column":0},"end":{"line":1,"column":27}},"1":{"start":{"line":2,"column":12},"end":{"line":2,"column":35}},"2":{"start":{"line":3,"column":16},"end":{"line":3,"column":33}},"3":{"start":{"line":5,"column":20},"end":{"line":5,"column":32}},"4":{"start":{"line":7,"column":22},"end":{"line":23,"column":1}},"5":{"start":{"line":8,"column":19},"end":{"line":8,"column":54}},"6":{"start":{"line":9,"column":4},"end":{"line":18,"column":5}},"7":{"start":{"line":11,"column":21},"end":{"line":11,"column":63}},"8":{"start":{"line":13,"column":8},"end":{"line":13,"column":24}},"9":{"start":{"line":14,"column":8},"end":{"line":14,"column":15}},"10":{"start":{"line":16,"column":8},"end":{"line":16,"column":38}},"11":{"start":{"line":17,"column":8},"end":{"line":17,"column":65}},"12":{"start":{"line":20,"column":4},"end":{"line":22,"column":5}},"13":{"start":{"line":21,"column":8},"end":{"line":21,"column":52}},"14":{"start":{"line":25,"column":0},"end":{"line":25,"column":35}}},"fnMap":{"0":{"name":"(anonymous_0)","decl":{"start":{"line":7,"column":22},"end":{"line":7,"column":23}},"loc":{"start":{"line":7,"column":42},"end":{"line":23,"column":1}},"line":7}},"branchMap":{"0":{"loc":{"start":{"line":20,"column":4},"end":{"line":22,"column":5}},"type":"if","locations":[{"start":{"line":20,"column":4},"end":{"line":22,"column":5}},{"start":{},"end":{}}],"line":20}},"s":{"0":5,"1":5,"2":5,"3":5,"4":5,"5":44,"6":44,"7":44,"8":42,"9":42,"10":2,"11":2,"12":42,"13":0,"14":5},"f":{"0":44},"b":{"0":[0,42]},"_coverageSchema":"1a1c01bbd47fc00a2c39e90264f33305004495a9","hash":"e5b193cdfefed71f6ba3ac91bc717b3c3a208172"}
,"/Users/mariabjuvsjo/Desktop/Vteam2/wEbike/models/Bike.js": {"path":"/Users/mariabjuvsjo/Desktop/Vteam2/wEbike/models/Bike.js","statementMap":{"0":{"start":{"line":1,"column":17},"end":{"line":1,"column":36}},"1":{"start":{"line":3,"column":20},"end":{"line":12,"column":2}},"2":{"start":{"line":15,"column":19},"end":{"line":56,"column":1}},"3":{"start":{"line":58,"column":13},"end":{"line":58,"column":47}},"4":{"start":{"line":60,"column":0},"end":{"line":60,"column":22}}},"fnMap":{},"branchMap":{},"s":{"0":5,"1":5,"2":5,"3":5,"4":5},"f":{},"b":{},"_coverageSchema":"1a1c01bbd47fc00a2c39e90264f33305004495a9","hash":"c06bc94b8936d287231e90ba184f16194f6fbbca"}
,"/Users/mariabjuvsjo/Desktop/Vteam2/wEbike/models/ChargeSt.js": {"path":"/Users/mariabjuvsjo/Desktop/Vteam2/wEbike/models/ChargeSt.js","statementMap":{"0":{"start":{"line":1,"column":17},"end":{"line":1,"column":36}},"1":{"start":{"line":3,"column":20},"end":{"line":13,"column":2}},"2":{"start":{"line":14,"column":23},"end":{"line":25,"column":2}},"3":{"start":{"line":27,"column":17},"end":{"line":27,"column":59}},"4":{"start":{"line":29,"column":0},"end":{"line":29,"column":26}}},"fnMap":{},"branchMap":{},"s":{"0":5,"1":5,"2":5,"3":5,"4":5},"f":{},"b":{},"_coverageSchema":"1a1c01bbd47fc00a2c39e90264f33305004495a9","hash":"ac2f58312032efca422698ca59c945a683bd6914"}
,"/Users/mariabjuvsjo/Desktop/Vteam2/wEbike/models/City.js": {"path":"/Users/mariabjuvsjo/Desktop/Vteam2/wEbike/models/City.js","statementMap":{"0":{"start":{"line":1,"column":17},"end":{"line":1,"column":36}},"1":{"start":{"line":3,"column":22},"end":{"line":14,"column":2}},"2":{"start":{"line":16,"column":19},"end":{"line":27,"column":2}},"3":{"start":{"line":29,"column":13},"end":{"line":29,"column":47}},"4":{"start":{"line":31,"column":0},"end":{"line":31,"column":22}}},"fnMap":{},"branchMap":{},"s":{"0":5,"1":5,"2":5,"3":5,"4":5},"f":{},"b":{},"_coverageSchema":"1a1c01bbd47fc00a2c39e90264f33305004495a9","hash":"ea7c1d191fb695ac7343fecdc41ed1ea1ee5675d"}
,"/Users/mariabjuvsjo/Desktop/Vteam2/wEbike/models/Parking.js": {"path":"/Users/mariabjuvsjo/Desktop/Vteam2/wEbike/models/Parking.js","statementMap":{"0":{"start":{"line":1,"column":17},"end":{"line":1,"column":36}},"1":{"start":{"line":3,"column":20},"end":{"line":13,"column":2}},"2":{"start":{"line":14,"column":22},"end":{"line":25,"column":2}},"3":{"start":{"line":27,"column":16},"end":{"line":27,"column":56}},"4":{"start":{"line":29,"column":0},"end":{"line":29,"column":25}}},"fnMap":{},"branchMap":{},"s":{"0":5,"1":5,"2":5,"3":5,"4":5},"f":{},"b":{},"_coverageSchema":"1a1c01bbd47fc00a2c39e90264f33305004495a9","hash":"cc38cb9e304e40ea8089f9675b50495b2d9e0f6b"}
,"/Users/mariabjuvsjo/Desktop/Vteam2/wEbike/models/Prices.js": {"path":"/Users/mariabjuvsjo/Desktop/Vteam2/wEbike/models/Prices.js","statementMap":{"0":{"start":{"line":1,"column":17},"end":{"line":1,"column":36}},"1":{"start":{"line":4,"column":20},"end":{"line":10,"column":2}},"2":{"start":{"line":12,"column":14},"end":{"line":12,"column":50}},"3":{"start":{"line":14,"column":0},"end":{"line":14,"column":23}}},"fnMap":{},"branchMap":{},"s":{"0":5,"1":5,"2":5,"3":5},"f":{},"b":{},"_coverageSchema":"1a1c01bbd47fc00a2c39e90264f33305004495a9","hash":"4b9bb2d02c87de7ae446bea58a335b3b7acf1c0a"}
,"/Users/mariabjuvsjo/Desktop/Vteam2/wEbike/models/User.js": {"path":"/Users/mariabjuvsjo/Desktop/Vteam2/wEbike/models/User.js","statementMap":{"0":{"start":{"line":1,"column":17},"end":{"line":1,"column":36}},"1":{"start":{"line":3,"column":19},"end":{"line":16,"column":2}},"2":{"start":{"line":18,"column":13},"end":{"line":18,"column":47}},"3":{"start":{"line":20,"column":0},"end":{"line":20,"column":22}}},"fnMap":{},"branchMap":{},"s":{"0":5,"1":5,"2":5,"3":5},"f":{},"b":{},"_coverageSchema":"1a1c01bbd47fc00a2c39e90264f33305004495a9","hash":"f207e2f203004913712172bb740fe43757a823d8"}
,"/Users/mariabjuvsjo/Desktop/Vteam2/wEbike/routes/bike.js": {"path":"/Users/mariabjuvsjo/Desktop/Vteam2/wEbike/routes/bike.js","statementMap":{"0":{"start":{"line":1,"column":16},"end":{"line":1,"column":34}},"1":{"start":{"line":2,"column":15},"end":{"line":2,"column":31}},"2":{"start":{"line":10,"column":4},"end":{"line":10,"column":34}},"3":{"start":{"line":16,"column":0},"end":{"line":16,"column":29}},"4":{"start":{"line":22,"column":0},"end":{"line":22,"column":35}},"5":{"start":{"line":27,"column":0},"end":{"line":27,"column":47}},"6":{"start":{"line":32,"column":0},"end":{"line":32,"column":66}},"7":{"start":{"line":37,"column":0},"end":{"line":37,"column":60}},"8":{"start":{"line":42,"column":0},"end":{"line":42,"column":29}},"9":{"start":{"line":47,"column":0},"end":{"line":47,"column":38}},"10":{"start":{"line":52,"column":0},"end":{"line":52,"column":37}},"11":{"start":{"line":57,"column":0},"end":{"line":57,"column":61}},"12":{"start":{"line":62,"column":0},"end":{"line":62,"column":68}},"13":{"start":{"line":66,"column":0},"end":{"line":66,"column":24}}},"fnMap":{},"branchMap":{},"s":{"0":5,"1":5,"2":5,"3":5,"4":5,"5":5,"6":5,"7":5,"8":5,"9":5,"10":5,"11":5,"12":5,"13":5},"f":{},"b":{},"_coverageSchema":"1a1c01bbd47fc00a2c39e90264f33305004495a9","hash":"aba7ee6e037ab4485d74de304ff8fdb6b697ec7b"}
,"/Users/mariabjuvsjo/Desktop/Vteam2/wEbike/routes/chargest.js": {"path":"/Users/mariabjuvsjo/Desktop/Vteam2/wEbike/routes/chargest.js","statementMap":{"0":{"start":{"line":1,"column":16},"end":{"line":1,"column":34}},"1":{"start":{"line":2,"column":15},"end":{"line":2,"column":31}},"2":{"start":{"line":3,"column":26},"end":{"line":3,"column":58}},"3":{"start":{"line":9,"column":8},"end":{"line":9,"column":42}},"4":{"start":{"line":14,"column":0},"end":{"line":14,"column":47}},"5":{"start":{"line":19,"column":0},"end":{"line":19,"column":65}},"6":{"start":{"line":24,"column":0},"end":{"line":24,"column":50}},"7":{"start":{"line":29,"column":0},"end":{"line":29,"column":53}},"8":{"start":{"line":35,"column":0},"end":{"line":35,"column":48}},"9":{"start":{"line":39,"column":0},"end":{"line":39,"column":24}}},"fnMap":{},"branchMap":{},"s":{"0":5,"1":5,"2":5,"3":5,"4":5,"5":5,"6":5,"7":5,"8":5,"9":5},"f":{},"b":{},"_coverageSchema":"1a1c01bbd47fc00a2c39e90264f33305004495a9","hash":"1e5926dab4db983e62080bafad1a536d4cbba5d8"}
,"/Users/mariabjuvsjo/Desktop/Vteam2/wEbike/routes/city.js": {"path":"/Users/mariabjuvsjo/Desktop/Vteam2/wEbike/routes/city.js","statementMap":{"0":{"start":{"line":1,"column":16},"end":{"line":1,"column":34}},"1":{"start":{"line":2,"column":15},"end":{"line":2,"column":31}},"2":{"start":{"line":3,"column":26},"end":{"line":3,"column":58}},"3":{"start":{"line":8,"column":8},"end":{"line":8,"column":38}},"4":{"start":{"line":13,"column":0},"end":{"line":13,"column":30}},"5":{"start":{"line":18,"column":0},"end":{"line":18,"column":41}},"6":{"start":{"line":23,"column":0},"end":{"line":23,"column":31}},"7":{"start":{"line":28,"column":0},"end":{"line":28,"column":52}},"8":{"start":{"line":34,"column":0},"end":{"line":34,"column":49}},"9":{"start":{"line":39,"column":0},"end":{"line":39,"column":24}}},"fnMap":{},"branchMap":{},"s":{"0":5,"1":5,"2":5,"3":5,"4":5,"5":5,"6":5,"7":5,"8":5,"9":5},"f":{},"b":{},"_coverageSchema":"1a1c01bbd47fc00a2c39e90264f33305004495a9","hash":"c241c722b457c6de7db05c0dbab7877eca454a0a"}
,"/Users/mariabjuvsjo/Desktop/Vteam2/wEbike/routes/customer.js": {"path":"/Users/mariabjuvsjo/Desktop/Vteam2/wEbike/routes/customer.js","statementMap":{"0":{"start":{"line":1,"column":16},"end":{"line":1,"column":34}},"1":{"start":{"line":2,"column":15},"end":{"line":2,"column":31}},"2":{"start":{"line":3,"column":44},"end":{"line":3,"column":75}},"3":{"start":{"line":4,"column":26},"end":{"line":4,"column":58}},"4":{"start":{"line":6,"column":0},"end":{"line":6,"column":48}},"5":{"start":{"line":8,"column":0},"end":{"line":8,"column":50}},"6":{"start":{"line":11,"column":0},"end":{"line":11,"column":24}}},"fnMap":{},"branchMap":{},"s":{"0":5,"1":5,"2":5,"3":5,"4":5,"5":5,"6":5},"f":{},"b":{},"_coverageSchema":"1a1c01bbd47fc00a2c39e90264f33305004495a9","hash":"eb76f87e9cdded28295046ce8a62aa461dda8919"}
,"/Users/mariabjuvsjo/Desktop/Vteam2/wEbike/routes/parking.js": {"path":"/Users/mariabjuvsjo/Desktop/Vteam2/wEbike/routes/parking.js","statementMap":{"0":{"start":{"line":1,"column":16},"end":{"line":1,"column":34}},"1":{"start":{"line":2,"column":15},"end":{"line":2,"column":31}},"2":{"start":{"line":3,"column":26},"end":{"line":3,"column":58}},"3":{"start":{"line":8,"column":8},"end":{"line":8,"column":41}},"4":{"start":{"line":13,"column":0},"end":{"line":13,"column":46}},"5":{"start":{"line":18,"column":0},"end":{"line":18,"column":49}},"6":{"start":{"line":24,"column":0},"end":{"line":24,"column":64}},"7":{"start":{"line":30,"column":0},"end":{"line":30,"column":47}},"8":{"start":{"line":35,"column":0},"end":{"line":35,"column":52}},"9":{"start":{"line":41,"column":0},"end":{"line":41,"column":24}}},"fnMap":{},"branchMap":{},"s":{"0":5,"1":5,"2":5,"3":5,"4":5,"5":5,"6":5,"7":5,"8":5,"9":5},"f":{},"b":{},"_coverageSchema":"1a1c01bbd47fc00a2c39e90264f33305004495a9","hash":"c561e42d959bc61ab48c153ddb396843158b8761"}
,"/Users/mariabjuvsjo/Desktop/Vteam2/wEbike/routes/prices.js": {"path":"/Users/mariabjuvsjo/Desktop/Vteam2/wEbike/routes/prices.js","statementMap":{"0":{"start":{"line":1,"column":16},"end":{"line":1,"column":34}},"1":{"start":{"line":2,"column":15},"end":{"line":2,"column":31}},"2":{"start":{"line":3,"column":36},"end":{"line":3,"column":68}},"3":{"start":{"line":4,"column":26},"end":{"line":4,"column":58}},"4":{"start":{"line":9,"column":0},"end":{"line":9,"column":42}},"5":{"start":{"line":13,"column":0},"end":{"line":13,"column":53}},"6":{"start":{"line":17,"column":0},"end":{"line":17,"column":24}}},"fnMap":{},"branchMap":{},"s":{"0":5,"1":5,"2":5,"3":5,"4":5,"5":5,"6":5},"f":{},"b":{},"_coverageSchema":"1a1c01bbd47fc00a2c39e90264f33305004495a9","hash":"ad2fcbf9183055a206e3de0eacd104e0af90d0b0"}
,"/Users/mariabjuvsjo/Desktop/Vteam2/wEbike/routes/user.js": {"path":"/Users/mariabjuvsjo/Desktop/Vteam2/wEbike/routes/user.js","statementMap":{"0":{"start":{"line":1,"column":16},"end":{"line":1,"column":34}},"1":{"start":{"line":2,"column":15},"end":{"line":2,"column":31}},"2":{"start":{"line":9,"column":8},"end":{"line":9,"column":39}},"3":{"start":{"line":10,"column":41},"end":{"line":10,"column":73}},"4":{"start":{"line":11,"column":26},"end":{"line":11,"column":58}},"5":{"start":{"line":13,"column":0},"end":{"line":13,"column":42}},"6":{"start":{"line":15,"column":0},"end":{"line":15,"column":47}},"7":{"start":{"line":17,"column":0},"end":{"line":17,"column":42}},"8":{"start":{"line":19,"column":0},"end":{"line":19,"column":65}},"9":{"start":{"line":21,"column":0},"end":{"line":21,"column":72}},"10":{"start":{"line":23,"column":0},"end":{"line":23,"column":31}},"11":{"start":{"line":25,"column":0},"end":{"line":25,"column":31}},"12":{"start":{"line":27,"column":0},"end":{"line":27,"column":46}},"13":{"start":{"line":29,"column":0},"end":{"line":29,"column":49}},"14":{"start":{"line":31,"column":0},"end":{"line":36,"column":3}},"15":{"start":{"line":32,"column":4},"end":{"line":32,"column":34}},"16":{"start":{"line":33,"column":4},"end":{"line":35,"column":7}},"17":{"start":{"line":42,"column":0},"end":{"line":42,"column":24}}},"fnMap":{"0":{"name":"(anonymous_0)","decl":{"start":{"line":31,"column":22},"end":{"line":31,"column":23}},"loc":{"start":{"line":31,"column":42},"end":{"line":36,"column":1}},"line":31}},"branchMap":{},"s":{"0":5,"1":5,"2":5,"3":5,"4":5,"5":5,"6":5,"7":5,"8":5,"9":5,"10":5,"11":5,"12":5,"13":5,"14":5,"15":0,"16":0,"17":5},"f":{"0":0},"b":{},"_coverageSchema":"1a1c01bbd47fc00a2c39e90264f33305004495a9","hash":"198f44731434d22909214c032c5843c0f311aae7"}
}
