{"/Users/mariabjuvsjo/Desktop/Vteam2/wEbike/app.js": {"path":"/Users/mariabjuvsjo/Desktop/Vteam2/wEbike/app.js","statementMap":{"0":{"start":{"line":1,"column":0},"end":{"line":1,"column":27}},"1":{"start":{"line":2,"column":16},"end":{"line":2,"column":34}},"2":{"start":{"line":4,"column":13},"end":{"line":4,"column":28}},"3":{"start":{"line":5,"column":18},"end":{"line":5,"column":40}},"4":{"start":{"line":6,"column":21},"end":{"line":6,"column":45}},"5":{"start":{"line":7,"column":13},"end":{"line":7,"column":37}},"6":{"start":{"line":8,"column":14},"end":{"line":8,"column":40}},"7":{"start":{"line":9,"column":13},"end":{"line":9,"column":38}},"8":{"start":{"line":10,"column":17},"end":{"line":10,"column":45}},"9":{"start":{"line":11,"column":16},"end":{"line":11,"column":43}},"10":{"start":{"line":12,"column":13},"end":{"line":12,"column":37}},"11":{"start":{"line":13,"column":13},"end":{"line":13,"column":37}},"12":{"start":{"line":15,"column":17},"end":{"line":15,"column":45}},"13":{"start":{"line":16,"column":16},"end":{"line":16,"column":20}},"14":{"start":{"line":18,"column":12},"end":{"line":18,"column":21}},"15":{"start":{"line":21,"column":0},"end":{"line":21,"column":24}},"16":{"start":{"line":24,"column":0},"end":{"line":24,"column":24}},"17":{"start":{"line":27,"column":0},"end":{"line":33,"column":2}},"18":{"start":{"line":35,"column":0},"end":{"line":39,"column":3}},"19":{"start":{"line":38,"column":4},"end":{"line":38,"column":11}},"20":{"start":{"line":43,"column":0},"end":{"line":43,"column":33}},"21":{"start":{"line":44,"column":0},"end":{"line":44,"column":36}},"22":{"start":{"line":46,"column":0},"end":{"line":46,"column":37}},"23":{"start":{"line":48,"column":0},"end":{"line":48,"column":48}},"24":{"start":{"line":50,"column":0},"end":{"line":50,"column":40}},"25":{"start":{"line":52,"column":0},"end":{"line":52,"column":34}},"26":{"start":{"line":54,"column":0},"end":{"line":54,"column":33}},"27":{"start":{"line":56,"column":0},"end":{"line":56,"column":42}},"28":{"start":{"line":58,"column":0},"end":{"line":62,"column":3}},"29":{"start":{"line":59,"column":4},"end":{"line":61,"column":7}},"30":{"start":{"line":66,"column":0},"end":{"line":71,"column":3}},"31":{"start":{"line":67,"column":14},"end":{"line":67,"column":36}},"32":{"start":{"line":69,"column":4},"end":{"line":69,"column":21}},"33":{"start":{"line":70,"column":4},"end":{"line":70,"column":14}},"34":{"start":{"line":73,"column":0},"end":{"line":73,"column":21}}},"fnMap":{"0":{"name":"(anonymous_0)","decl":{"start":{"line":35,"column":8},"end":{"line":35,"column":9}},"loc":{"start":{"line":35,"column":28},"end":{"line":39,"column":1}},"line":35},"1":{"name":"(anonymous_1)","decl":{"start":{"line":58,"column":23},"end":{"line":58,"column":24}},"loc":{"start":{"line":58,"column":37},"end":{"line":62,"column":1}},"line":58},"2":{"name":"(anonymous_2)","decl":{"start":{"line":66,"column":8},"end":{"line":66,"column":9}},"loc":{"start":{"line":66,"column":28},"end":{"line":71,"column":1}},"line":66}},"branchMap":{},"s":{"0":4,"1":4,"2":4,"3":4,"4":4,"5":4,"6":4,"7":4,"8":4,"9":4,"10":4,"11":4,"12":4,"13":4,"14":4,"15":4,"16":4,"17":4,"18":4,"19":78,"20":4,"21":4,"22":4,"23":4,"24":4,"25":4,"26":4,"27":4,"28":4,"29":0,"30":4,"31":0,"32":0,"33":0,"34":4},"f":{"0":78,"1":0,"2":0},"b":{},"_coverageSchema":"1a1c01bbd47fc00a2c39e90264f33305004495a9","hash":"bb03eca7fd1401c454836a8f2edf31f625fd110d"}
,"/Users/mariabjuvsjo/Desktop/Vteam2/wEbike/config/db.js": {"path":"/Users/mariabjuvsjo/Desktop/Vteam2/wEbike/config/db.js","statementMap":{"0":{"start":{"line":1,"column":0},"end":{"line":1,"column":27}},"1":{"start":{"line":2,"column":17},"end":{"line":2,"column":36}},"2":{"start":{"line":7,"column":18},"end":{"line":20,"column":1}},"3":{"start":{"line":8,"column":14},"end":{"line":8,"column":143}},"4":{"start":{"line":9,"column":4},"end":{"line":19,"column":5}},"5":{"start":{"line":10,"column":21},"end":{"line":13,"column":10}},"6":{"start":{"line":14,"column":8},"end":{"line":14,"column":65}},"7":{"start":{"line":16,"column":8},"end":{"line":16,"column":29}},"8":{"start":{"line":18,"column":8},"end":{"line":18,"column":23}},"9":{"start":{"line":27,"column":4},"end":{"line":27,"column":33}},"10":{"start":{"line":30,"column":0},"end":{"line":30,"column":27}}},"fnMap":{"0":{"name":"(anonymous_0)","decl":{"start":{"line":7,"column":18},"end":{"line":7,"column":19}},"loc":{"start":{"line":7,"column":30},"end":{"line":20,"column":1}},"line":7},"1":{"name":"close","decl":{"start":{"line":26,"column":9},"end":{"line":26,"column":14}},"loc":{"start":{"line":26,"column":17},"end":{"line":28,"column":1}},"line":26}},"branchMap":{},"s":{"0":4,"1":4,"2":4,"3":0,"4":0,"5":0,"6":0,"7":0,"8":0,"9":0,"10":4},"f":{"0":0,"1":0},"b":{},"_coverageSchema":"1a1c01bbd47fc00a2c39e90264f33305004495a9","hash":"fc64efeb46aac3cef93e93e29d1c0c063968422e"}
,"/Users/mariabjuvsjo/Desktop/Vteam2/wEbike/controllers/bike.js": {"path":"/Users/mariabjuvsjo/Desktop/Vteam2/wEbike/controllers/bike.js","statementMap":{"0":{"start":{"line":1,"column":17},"end":{"line":1,"column":36}},"1":{"start":{"line":2,"column":13},"end":{"line":2,"column":38}},"2":{"start":{"line":12,"column":20},"end":{"line":16,"column":1}},"3":{"start":{"line":13,"column":18},"end":{"line":13,"column":37}},"4":{"start":{"line":15,"column":4},"end":{"line":15,"column":32}},"5":{"start":{"line":26,"column":19},"end":{"line":40,"column":1}},"6":{"start":{"line":27,"column":23},"end":{"line":27,"column":33}},"7":{"start":{"line":29,"column":4},"end":{"line":31,"column":5}},"8":{"start":{"line":30,"column":8},"end":{"line":30,"column":66}},"9":{"start":{"line":33,"column":17},"end":{"line":33,"column":64}},"10":{"start":{"line":35,"column":4},"end":{"line":37,"column":5}},"11":{"start":{"line":36,"column":8},"end":{"line":36,"column":71}},"12":{"start":{"line":39,"column":4},"end":{"line":39,"column":31}},"13":{"start":{"line":50,"column":19},"end":{"line":60,"column":1}},"14":{"start":{"line":51,"column":126},"end":{"line":51,"column":134}},"15":{"start":{"line":53,"column":4},"end":{"line":59,"column":5}},"16":{"start":{"line":54,"column":21},"end":{"line":54,"column":153}},"17":{"start":{"line":56,"column":8},"end":{"line":56,"column":35}},"18":{"start":{"line":58,"column":8},"end":{"line":58,"column":55}},"19":{"start":{"line":70,"column":26},"end":{"line":85,"column":1}},"20":{"start":{"line":71,"column":23},"end":{"line":71,"column":33}},"21":{"start":{"line":73,"column":4},"end":{"line":75,"column":5}},"22":{"start":{"line":74,"column":8},"end":{"line":74,"column":72}},"23":{"start":{"line":77,"column":24},"end":{"line":77,"column":70}},"24":{"start":{"line":79,"column":4},"end":{"line":81,"column":5}},"25":{"start":{"line":80,"column":8},"end":{"line":80,"column":72}},"26":{"start":{"line":83,"column":4},"end":{"line":83,"column":38}},"27":{"start":{"line":101,"column":35},"end":{"line":116,"column":1}},"28":{"start":{"line":102,"column":23},"end":{"line":102,"column":33}},"29":{"start":{"line":104,"column":4},"end":{"line":106,"column":5}},"30":{"start":{"line":105,"column":8},"end":{"line":105,"column":72}},"31":{"start":{"line":108,"column":24},"end":{"line":108,"column":84}},"32":{"start":{"line":110,"column":4},"end":{"line":112,"column":5}},"33":{"start":{"line":111,"column":8},"end":{"line":111,"column":81}},"34":{"start":{"line":114,"column":4},"end":{"line":114,"column":38}},"35":{"start":{"line":126,"column":32},"end":{"line":140,"column":1}},"36":{"start":{"line":127,"column":23},"end":{"line":127,"column":33}},"37":{"start":{"line":129,"column":4},"end":{"line":131,"column":5}},"38":{"start":{"line":130,"column":8},"end":{"line":130,"column":72}},"39":{"start":{"line":133,"column":24},"end":{"line":133,"column":93}},"40":{"start":{"line":135,"column":4},"end":{"line":137,"column":5}},"41":{"start":{"line":136,"column":8},"end":{"line":136,"column":79}},"42":{"start":{"line":139,"column":4},"end":{"line":139,"column":38}},"43":{"start":{"line":150,"column":22},"end":{"line":185,"column":1}},"44":{"start":{"line":151,"column":23},"end":{"line":151,"column":33}},"45":{"start":{"line":153,"column":4},"end":{"line":155,"column":5}},"46":{"start":{"line":154,"column":8},"end":{"line":154,"column":72}},"47":{"start":{"line":156,"column":25},"end":{"line":175,"column":5}},"48":{"start":{"line":177,"column":4},"end":{"line":184,"column":5}},"49":{"start":{"line":178,"column":8},"end":{"line":178,"column":61}},"50":{"start":{"line":179,"column":21},"end":{"line":179,"column":48}},"51":{"start":{"line":181,"column":8},"end":{"line":181,"column":35}},"52":{"start":{"line":183,"column":8},"end":{"line":183,"column":55}},"53":{"start":{"line":194,"column":22},"end":{"line":208,"column":1}},"54":{"start":{"line":195,"column":19},"end":{"line":195,"column":29}},"55":{"start":{"line":197,"column":4},"end":{"line":199,"column":5}},"56":{"start":{"line":198,"column":8},"end":{"line":198,"column":72}},"57":{"start":{"line":201,"column":21},"end":{"line":201,"column":53}},"58":{"start":{"line":203,"column":4},"end":{"line":205,"column":5}},"59":{"start":{"line":204,"column":8},"end":{"line":204,"column":61}},"60":{"start":{"line":207,"column":4},"end":{"line":207,"column":27}},"61":{"start":{"line":210,"column":32},"end":{"line":231,"column":1}},"62":{"start":{"line":211,"column":4},"end":{"line":211,"column":36}},"63":{"start":{"line":212,"column":4},"end":{"line":212,"column":28}},"64":{"start":{"line":213,"column":4},"end":{"line":217,"column":7}},"65":{"start":{"line":218,"column":19},"end":{"line":226,"column":12}},"66":{"start":{"line":219,"column":28},"end":{"line":219,"column":97}},"67":{"start":{"line":220,"column":8},"end":{"line":220,"column":35}},"68":{"start":{"line":221,"column":8},"end":{"line":221,"column":58}},"69":{"start":{"line":222,"column":8},"end":{"line":222,"column":26}},"70":{"start":{"line":223,"column":8},"end":{"line":225,"column":9}},"71":{"start":{"line":224,"column":12},"end":{"line":224,"column":67}},"72":{"start":{"line":227,"column":4},"end":{"line":230,"column":7}},"73":{"start":{"line":228,"column":8},"end":{"line":228,"column":31}},"74":{"start":{"line":229,"column":8},"end":{"line":229,"column":30}},"75":{"start":{"line":233,"column":0},"end":{"line":244,"column":1}}},"fnMap":{"0":{"name":"(anonymous_0)","decl":{"start":{"line":12,"column":20},"end":{"line":12,"column":21}},"loc":{"start":{"line":12,"column":40},"end":{"line":16,"column":1}},"line":12},"1":{"name":"(anonymous_1)","decl":{"start":{"line":26,"column":19},"end":{"line":26,"column":20}},"loc":{"start":{"line":26,"column":39},"end":{"line":40,"column":1}},"line":26},"2":{"name":"(anonymous_2)","decl":{"start":{"line":50,"column":19},"end":{"line":50,"column":20}},"loc":{"start":{"line":50,"column":39},"end":{"line":60,"column":1}},"line":50},"3":{"name":"(anonymous_3)","decl":{"start":{"line":70,"column":26},"end":{"line":70,"column":27}},"loc":{"start":{"line":70,"column":46},"end":{"line":85,"column":1}},"line":70},"4":{"name":"(anonymous_4)","decl":{"start":{"line":101,"column":35},"end":{"line":101,"column":36}},"loc":{"start":{"line":101,"column":55},"end":{"line":116,"column":1}},"line":101},"5":{"name":"(anonymous_5)","decl":{"start":{"line":126,"column":32},"end":{"line":126,"column":33}},"loc":{"start":{"line":126,"column":52},"end":{"line":140,"column":1}},"line":126},"6":{"name":"(anonymous_6)","decl":{"start":{"line":150,"column":22},"end":{"line":150,"column":23}},"loc":{"start":{"line":150,"column":42},"end":{"line":185,"column":1}},"line":150},"7":{"name":"(anonymous_7)","decl":{"start":{"line":194,"column":22},"end":{"line":194,"column":23}},"loc":{"start":{"line":194,"column":42},"end":{"line":208,"column":1}},"line":194},"8":{"name":"(anonymous_8)","decl":{"start":{"line":210,"column":32},"end":{"line":210,"column":33}},"loc":{"start":{"line":210,"column":52},"end":{"line":231,"column":1}},"line":210},"9":{"name":"(anonymous_9)","decl":{"start":{"line":218,"column":31},"end":{"line":218,"column":32}},"loc":{"start":{"line":218,"column":49},"end":{"line":226,"column":5}},"line":218},"10":{"name":"(anonymous_10)","decl":{"start":{"line":227,"column":20},"end":{"line":227,"column":21}},"loc":{"start":{"line":227,"column":26},"end":{"line":230,"column":5}},"line":227}},"branchMap":{"0":{"loc":{"start":{"line":29,"column":4},"end":{"line":31,"column":5}},"type":"if","locations":[{"start":{"line":29,"column":4},"end":{"line":31,"column":5}},{"start":{},"end":{}}],"line":29},"1":{"loc":{"start":{"line":35,"column":4},"end":{"line":37,"column":5}},"type":"if","locations":[{"start":{"line":35,"column":4},"end":{"line":37,"column":5}},{"start":{},"end":{}}],"line":35},"2":{"loc":{"start":{"line":73,"column":4},"end":{"line":75,"column":5}},"type":"if","locations":[{"start":{"line":73,"column":4},"end":{"line":75,"column":5}},{"start":{},"end":{}}],"line":73},"3":{"loc":{"start":{"line":79,"column":4},"end":{"line":81,"column":5}},"type":"if","locations":[{"start":{"line":79,"column":4},"end":{"line":81,"column":5}},{"start":{},"end":{}}],"line":79},"4":{"loc":{"start":{"line":104,"column":4},"end":{"line":106,"column":5}},"type":"if","locations":[{"start":{"line":104,"column":4},"end":{"line":106,"column":5}},{"start":{},"end":{}}],"line":104},"5":{"loc":{"start":{"line":110,"column":4},"end":{"line":112,"column":5}},"type":"if","locations":[{"start":{"line":110,"column":4},"end":{"line":112,"column":5}},{"start":{},"end":{}}],"line":110},"6":{"loc":{"start":{"line":129,"column":4},"end":{"line":131,"column":5}},"type":"if","locations":[{"start":{"line":129,"column":4},"end":{"line":131,"column":5}},{"start":{},"end":{}}],"line":129},"7":{"loc":{"start":{"line":135,"column":4},"end":{"line":137,"column":5}},"type":"if","locations":[{"start":{"line":135,"column":4},"end":{"line":137,"column":5}},{"start":{},"end":{}}],"line":135},"8":{"loc":{"start":{"line":153,"column":4},"end":{"line":155,"column":5}},"type":"if","locations":[{"start":{"line":153,"column":4},"end":{"line":155,"column":5}},{"start":{},"end":{}}],"line":153},"9":{"loc":{"start":{"line":197,"column":4},"end":{"line":199,"column":5}},"type":"if","locations":[{"start":{"line":197,"column":4},"end":{"line":199,"column":5}},{"start":{},"end":{}}],"line":197},"10":{"loc":{"start":{"line":203,"column":4},"end":{"line":205,"column":5}},"type":"if","locations":[{"start":{"line":203,"column":4},"end":{"line":205,"column":5}},{"start":{},"end":{}}],"line":203},"11":{"loc":{"start":{"line":223,"column":8},"end":{"line":225,"column":9}},"type":"if","locations":[{"start":{"line":223,"column":8},"end":{"line":225,"column":9}},{"start":{},"end":{}}],"line":223}},"s":{"0":4,"1":4,"2":4,"3":2,"4":2,"5":4,"6":3,"7":3,"8":1,"9":2,"10":2,"11":1,"12":1,"13":4,"14":13,"15":13,"16":13,"17":12,"18":1,"19":4,"20":3,"21":3,"22":1,"23":2,"24":2,"25":1,"26":1,"27":4,"28":3,"29":3,"30":1,"31":2,"32":2,"33":1,"34":1,"35":4,"36":3,"37":3,"38":1,"39":2,"40":2,"41":1,"42":1,"43":4,"44":2,"45":2,"46":1,"47":1,"48":1,"49":1,"50":1,"51":1,"52":0,"53":4,"54":3,"55":3,"56":1,"57":2,"58":2,"59":1,"60":1,"61":4,"62":0,"63":0,"64":0,"65":0,"66":0,"67":0,"68":0,"69":0,"70":0,"71":0,"72":0,"73":0,"74":0,"75":4},"f":{"0":2,"1":3,"2":13,"3":3,"4":3,"5":3,"6":2,"7":3,"8":0,"9":0,"10":0},"b":{"0":[1,2],"1":[1,1],"2":[1,2],"3":[1,1],"4":[1,2],"5":[1,1],"6":[1,2],"7":[1,1],"8":[1,1],"9":[1,2],"10":[1,1],"11":[0,0]},"_coverageSchema":"1a1c01bbd47fc00a2c39e90264f33305004495a9","hash":"943c4266d15e58ce9bbe22a235692b03e8139954"}
,"/Users/mariabjuvsjo/Desktop/Vteam2/wEbike/controllers/chargeSt.js": {"path":"/Users/mariabjuvsjo/Desktop/Vteam2/wEbike/controllers/chargeSt.js","statementMap":{"0":{"start":{"line":1,"column":17},"end":{"line":1,"column":36}},"1":{"start":{"line":2,"column":17},"end":{"line":2,"column":46}},"2":{"start":{"line":11,"column":23},"end":{"line":15,"column":1}},"3":{"start":{"line":12,"column":21},"end":{"line":12,"column":44}},"4":{"start":{"line":14,"column":4},"end":{"line":14,"column":35}},"5":{"start":{"line":28,"column":23},"end":{"line":38,"column":1}},"6":{"start":{"line":29,"column":39},"end":{"line":29,"column":47}},"7":{"start":{"line":31,"column":4},"end":{"line":37,"column":5}},"8":{"start":{"line":32,"column":25},"end":{"line":32,"column":74}},"9":{"start":{"line":34,"column":8},"end":{"line":34,"column":39}},"10":{"start":{"line":36,"column":8},"end":{"line":36,"column":55}},"11":{"start":{"line":48,"column":29},"end":{"line":62,"column":1}},"12":{"start":{"line":49,"column":23},"end":{"line":49,"column":33}},"13":{"start":{"line":51,"column":4},"end":{"line":53,"column":5}},"14":{"start":{"line":52,"column":8},"end":{"line":52,"column":72}},"15":{"start":{"line":55,"column":27},"end":{"line":55,"column":77}},"16":{"start":{"line":57,"column":4},"end":{"line":59,"column":5}},"17":{"start":{"line":58,"column":8},"end":{"line":58,"column":81}},"18":{"start":{"line":61,"column":4},"end":{"line":61,"column":41}},"19":{"start":{"line":72,"column":23},"end":{"line":86,"column":1}},"20":{"start":{"line":73,"column":19},"end":{"line":73,"column":29}},"21":{"start":{"line":75,"column":4},"end":{"line":77,"column":5}},"22":{"start":{"line":76,"column":8},"end":{"line":76,"column":72}},"23":{"start":{"line":79,"column":19},"end":{"line":79,"column":46}},"24":{"start":{"line":81,"column":4},"end":{"line":83,"column":5}},"25":{"start":{"line":82,"column":8},"end":{"line":82,"column":81}},"26":{"start":{"line":85,"column":4},"end":{"line":85,"column":33}},"27":{"start":{"line":97,"column":26},"end":{"line":122,"column":1}},"28":{"start":{"line":99,"column":19},"end":{"line":99,"column":29}},"29":{"start":{"line":101,"column":4},"end":{"line":103,"column":5}},"30":{"start":{"line":102,"column":8},"end":{"line":102,"column":72}},"31":{"start":{"line":105,"column":25},"end":{"line":112,"column":5}},"32":{"start":{"line":114,"column":4},"end":{"line":121,"column":5}},"33":{"start":{"line":115,"column":8},"end":{"line":115,"column":61}},"34":{"start":{"line":116,"column":23},"end":{"line":116,"column":50}},"35":{"start":{"line":118,"column":8},"end":{"line":118,"column":37}},"36":{"start":{"line":120,"column":8},"end":{"line":120,"column":55}},"37":{"start":{"line":126,"column":0},"end":{"line":132,"column":1}}},"fnMap":{"0":{"name":"(anonymous_0)","decl":{"start":{"line":11,"column":23},"end":{"line":11,"column":24}},"loc":{"start":{"line":11,"column":43},"end":{"line":15,"column":1}},"line":11},"1":{"name":"(anonymous_1)","decl":{"start":{"line":28,"column":23},"end":{"line":28,"column":24}},"loc":{"start":{"line":28,"column":43},"end":{"line":38,"column":1}},"line":28},"2":{"name":"(anonymous_2)","decl":{"start":{"line":48,"column":29},"end":{"line":48,"column":30}},"loc":{"start":{"line":48,"column":49},"end":{"line":62,"column":1}},"line":48},"3":{"name":"(anonymous_3)","decl":{"start":{"line":72,"column":23},"end":{"line":72,"column":24}},"loc":{"start":{"line":72,"column":43},"end":{"line":86,"column":1}},"line":72},"4":{"name":"(anonymous_4)","decl":{"start":{"line":97,"column":26},"end":{"line":97,"column":27}},"loc":{"start":{"line":97,"column":46},"end":{"line":122,"column":1}},"line":97}},"branchMap":{"0":{"loc":{"start":{"line":51,"column":4},"end":{"line":53,"column":5}},"type":"if","locations":[{"start":{"line":51,"column":4},"end":{"line":53,"column":5}},{"start":{},"end":{}}],"line":51},"1":{"loc":{"start":{"line":57,"column":4},"end":{"line":59,"column":5}},"type":"if","locations":[{"start":{"line":57,"column":4},"end":{"line":59,"column":5}},{"start":{},"end":{}}],"line":57},"2":{"loc":{"start":{"line":75,"column":4},"end":{"line":77,"column":5}},"type":"if","locations":[{"start":{"line":75,"column":4},"end":{"line":77,"column":5}},{"start":{},"end":{}}],"line":75},"3":{"loc":{"start":{"line":81,"column":4},"end":{"line":83,"column":5}},"type":"if","locations":[{"start":{"line":81,"column":4},"end":{"line":83,"column":5}},{"start":{},"end":{}}],"line":81},"4":{"loc":{"start":{"line":101,"column":4},"end":{"line":103,"column":5}},"type":"if","locations":[{"start":{"line":101,"column":4},"end":{"line":103,"column":5}},{"start":{},"end":{}}],"line":101}},"s":{"0":4,"1":4,"2":4,"3":2,"4":2,"5":4,"6":5,"7":5,"8":5,"9":4,"10":1,"11":4,"12":3,"13":3,"14":1,"15":2,"16":2,"17":1,"18":1,"19":4,"20":3,"21":3,"22":1,"23":2,"24":2,"25":1,"26":1,"27":4,"28":2,"29":2,"30":1,"31":1,"32":1,"33":1,"34":1,"35":1,"36":0,"37":4},"f":{"0":2,"1":5,"2":3,"3":3,"4":2},"b":{"0":[1,2],"1":[1,1],"2":[1,2],"3":[1,1],"4":[1,1]},"_coverageSchema":"1a1c01bbd47fc00a2c39e90264f33305004495a9","hash":"ac35f7ddffbb9b4d3a3c2a1c0425104752d9dfa8"}
,"/Users/mariabjuvsjo/Desktop/Vteam2/wEbike/controllers/city.js": {"path":"/Users/mariabjuvsjo/Desktop/Vteam2/wEbike/controllers/city.js","statementMap":{"0":{"start":{"line":1,"column":17},"end":{"line":1,"column":36}},"1":{"start":{"line":2,"column":13},"end":{"line":2,"column":38}},"2":{"start":{"line":11,"column":21},"end":{"line":15,"column":1}},"3":{"start":{"line":12,"column":19},"end":{"line":12,"column":38}},"4":{"start":{"line":14,"column":4},"end":{"line":14,"column":33}},"5":{"start":{"line":22,"column":16},"end":{"line":32,"column":1}},"6":{"start":{"line":23,"column":31},"end":{"line":23,"column":39}},"7":{"start":{"line":25,"column":4},"end":{"line":31,"column":5}},"8":{"start":{"line":26,"column":21},"end":{"line":26,"column":58}},"9":{"start":{"line":28,"column":8},"end":{"line":28,"column":35}},"10":{"start":{"line":30,"column":8},"end":{"line":30,"column":55}},"11":{"start":{"line":41,"column":19},"end":{"line":55,"column":1}},"12":{"start":{"line":42,"column":19},"end":{"line":42,"column":29}},"13":{"start":{"line":44,"column":4},"end":{"line":46,"column":5}},"14":{"start":{"line":45,"column":8},"end":{"line":45,"column":72}},"15":{"start":{"line":48,"column":17},"end":{"line":48,"column":40}},"16":{"start":{"line":50,"column":4},"end":{"line":52,"column":5}},"17":{"start":{"line":51,"column":8},"end":{"line":51,"column":61}},"18":{"start":{"line":54,"column":4},"end":{"line":54,"column":31}},"19":{"start":{"line":64,"column":22},"end":{"line":78,"column":1}},"20":{"start":{"line":65,"column":19},"end":{"line":65,"column":29}},"21":{"start":{"line":67,"column":4},"end":{"line":69,"column":5}},"22":{"start":{"line":68,"column":8},"end":{"line":68,"column":72}},"23":{"start":{"line":71,"column":21},"end":{"line":71,"column":53}},"24":{"start":{"line":73,"column":4},"end":{"line":75,"column":5}},"25":{"start":{"line":74,"column":8},"end":{"line":74,"column":61}},"26":{"start":{"line":77,"column":4},"end":{"line":77,"column":27}},"27":{"start":{"line":80,"column":22},"end":{"line":105,"column":1}},"28":{"start":{"line":81,"column":19},"end":{"line":81,"column":29}},"29":{"start":{"line":83,"column":4},"end":{"line":85,"column":5}},"30":{"start":{"line":84,"column":8},"end":{"line":84,"column":72}},"31":{"start":{"line":87,"column":25},"end":{"line":94,"column":5}},"32":{"start":{"line":97,"column":4},"end":{"line":104,"column":5}},"33":{"start":{"line":98,"column":8},"end":{"line":98,"column":57}},"34":{"start":{"line":99,"column":21},"end":{"line":99,"column":44}},"35":{"start":{"line":101,"column":8},"end":{"line":101,"column":35}},"36":{"start":{"line":103,"column":8},"end":{"line":103,"column":55}},"37":{"start":{"line":107,"column":0},"end":{"line":113,"column":1}}},"fnMap":{"0":{"name":"(anonymous_0)","decl":{"start":{"line":11,"column":21},"end":{"line":11,"column":22}},"loc":{"start":{"line":11,"column":41},"end":{"line":15,"column":1}},"line":11},"1":{"name":"(anonymous_1)","decl":{"start":{"line":22,"column":16},"end":{"line":22,"column":17}},"loc":{"start":{"line":22,"column":36},"end":{"line":32,"column":1}},"line":22},"2":{"name":"(anonymous_2)","decl":{"start":{"line":41,"column":19},"end":{"line":41,"column":20}},"loc":{"start":{"line":41,"column":39},"end":{"line":55,"column":1}},"line":41},"3":{"name":"(anonymous_3)","decl":{"start":{"line":64,"column":22},"end":{"line":64,"column":23}},"loc":{"start":{"line":64,"column":42},"end":{"line":78,"column":1}},"line":64},"4":{"name":"(anonymous_4)","decl":{"start":{"line":80,"column":22},"end":{"line":80,"column":23}},"loc":{"start":{"line":80,"column":42},"end":{"line":105,"column":1}},"line":80}},"branchMap":{"0":{"loc":{"start":{"line":44,"column":4},"end":{"line":46,"column":5}},"type":"if","locations":[{"start":{"line":44,"column":4},"end":{"line":46,"column":5}},{"start":{},"end":{}}],"line":44},"1":{"loc":{"start":{"line":50,"column":4},"end":{"line":52,"column":5}},"type":"if","locations":[{"start":{"line":50,"column":4},"end":{"line":52,"column":5}},{"start":{},"end":{}}],"line":50},"2":{"loc":{"start":{"line":67,"column":4},"end":{"line":69,"column":5}},"type":"if","locations":[{"start":{"line":67,"column":4},"end":{"line":69,"column":5}},{"start":{},"end":{}}],"line":67},"3":{"loc":{"start":{"line":73,"column":4},"end":{"line":75,"column":5}},"type":"if","locations":[{"start":{"line":73,"column":4},"end":{"line":75,"column":5}},{"start":{},"end":{}}],"line":73},"4":{"loc":{"start":{"line":83,"column":4},"end":{"line":85,"column":5}},"type":"if","locations":[{"start":{"line":83,"column":4},"end":{"line":85,"column":5}},{"start":{},"end":{}}],"line":83}},"s":{"0":4,"1":4,"2":4,"3":2,"4":2,"5":4,"6":5,"7":5,"8":5,"9":4,"10":1,"11":4,"12":3,"13":3,"14":1,"15":2,"16":2,"17":1,"18":1,"19":4,"20":3,"21":3,"22":1,"23":2,"24":2,"25":1,"26":1,"27":4,"28":2,"29":2,"30":1,"31":1,"32":1,"33":1,"34":1,"35":1,"36":0,"37":4},"f":{"0":2,"1":5,"2":3,"3":3,"4":2},"b":{"0":[1,2],"1":[1,1],"2":[1,2],"3":[1,1],"4":[1,1]},"_coverageSchema":"1a1c01bbd47fc00a2c39e90264f33305004495a9","hash":"4a23f4f516d1aeed14f50b7bf5879287dd681e0c"}
,"/Users/mariabjuvsjo/Desktop/Vteam2/wEbike/controllers/github.js": {"path":"/Users/mariabjuvsjo/Desktop/Vteam2/wEbike/controllers/github.js","statementMap":{"0":{"start":{"line":1,"column":0},"end":{"line":1,"column":27}},"1":{"start":{"line":4,"column":12},"end":{"line":4,"column":35}},"2":{"start":{"line":5,"column":14},"end":{"line":5,"column":30}},"3":{"start":{"line":6,"column":13},"end":{"line":6,"column":38}},"4":{"start":{"line":7,"column":20},"end":{"line":7,"column":42}},"5":{"start":{"line":8,"column":16},"end":{"line":8,"column":33}},"6":{"start":{"line":10,"column":14},"end":{"line":11,"column":69}},"7":{"start":{"line":11,"column":4},"end":{"line":11,"column":69}},"8":{"start":{"line":11,"column":54},"end":{"line":11,"column":68}},"9":{"start":{"line":13,"column":20},"end":{"line":13,"column":32}},"10":{"start":{"line":15,"column":22},"end":{"line":74,"column":1}},"11":{"start":{"line":16,"column":17},"end":{"line":16,"column":39}},"12":{"start":{"line":17,"column":17},"end":{"line":17,"column":44}},"13":{"start":{"line":20,"column":24},"end":{"line":28,"column":10}},"14":{"start":{"line":24,"column":23},"end":{"line":24,"column":31}},"15":{"start":{"line":27,"column":12},"end":{"line":27,"column":24}},"16":{"start":{"line":32,"column":20},"end":{"line":32,"column":50}},"17":{"start":{"line":34,"column":24},"end":{"line":34,"column":44}},"18":{"start":{"line":36,"column":4},"end":{"line":36,"column":28}},"19":{"start":{"line":38,"column":4},"end":{"line":72,"column":6}},"20":{"start":{"line":44,"column":8},"end":{"line":44,"column":30}},"21":{"start":{"line":47,"column":23},"end":{"line":47,"column":30}},"22":{"start":{"line":49,"column":23},"end":{"line":49,"column":33}},"23":{"start":{"line":51,"column":27},"end":{"line":51,"column":59}},"24":{"start":{"line":53,"column":8},"end":{"line":53,"column":25}},"25":{"start":{"line":55,"column":8},"end":{"line":57,"column":9}},"26":{"start":{"line":56,"column":25},"end":{"line":56,"column":66}},"27":{"start":{"line":59,"column":21},"end":{"line":59,"column":53}},"28":{"start":{"line":61,"column":22},"end":{"line":61,"column":42}},"29":{"start":{"line":63,"column":8},"end":{"line":67,"column":11}},"30":{"start":{"line":71,"column":8},"end":{"line":71,"column":53}},"31":{"start":{"line":78,"column":19},"end":{"line":82,"column":1}},"32":{"start":{"line":79,"column":4},"end":{"line":81,"column":6}},"33":{"start":{"line":91,"column":22},"end":{"line":101,"column":1}},"34":{"start":{"line":92,"column":19},"end":{"line":92,"column":54}},"35":{"start":{"line":93,"column":4},"end":{"line":99,"column":5}},"36":{"start":{"line":94,"column":23},"end":{"line":94,"column":65}},"37":{"start":{"line":95,"column":8},"end":{"line":95,"column":27}},"38":{"start":{"line":96,"column":8},"end":{"line":96,"column":32}},"39":{"start":{"line":98,"column":8},"end":{"line":98,"column":30}},"40":{"start":{"line":103,"column":0},"end":{"line":106,"column":1}}},"fnMap":{"0":{"name":"(anonymous_0)","decl":{"start":{"line":10,"column":14},"end":{"line":10,"column":15}},"loc":{"start":{"line":11,"column":4},"end":{"line":11,"column":69}},"line":11},"1":{"name":"(anonymous_1)","decl":{"start":{"line":11,"column":30},"end":{"line":11,"column":31}},"loc":{"start":{"line":11,"column":54},"end":{"line":11,"column":68}},"line":11},"2":{"name":"(anonymous_2)","decl":{"start":{"line":15,"column":22},"end":{"line":15,"column":23}},"loc":{"start":{"line":15,"column":42},"end":{"line":74,"column":1}},"line":15},"3":{"name":"(anonymous_3)","decl":{"start":{"line":24,"column":14},"end":{"line":24,"column":15}},"loc":{"start":{"line":24,"column":23},"end":{"line":24,"column":31}},"line":24},"4":{"name":"(anonymous_4)","decl":{"start":{"line":26,"column":15},"end":{"line":26,"column":16}},"loc":{"start":{"line":26,"column":26},"end":{"line":28,"column":9}},"line":26},"5":{"name":"(anonymous_5)","decl":{"start":{"line":43,"column":12},"end":{"line":43,"column":13}},"loc":{"start":{"line":43,"column":26},"end":{"line":45,"column":5}},"line":43},"6":{"name":"(anonymous_6)","decl":{"start":{"line":45,"column":12},"end":{"line":45,"column":13}},"loc":{"start":{"line":45,"column":28},"end":{"line":72,"column":5}},"line":45},"7":{"name":"(anonymous_7)","decl":{"start":{"line":78,"column":19},"end":{"line":78,"column":20}},"loc":{"start":{"line":78,"column":27},"end":{"line":82,"column":1}},"line":78},"8":{"name":"(anonymous_8)","decl":{"start":{"line":91,"column":22},"end":{"line":91,"column":23}},"loc":{"start":{"line":91,"column":42},"end":{"line":101,"column":1}},"line":91}},"branchMap":{"0":{"loc":{"start":{"line":55,"column":8},"end":{"line":57,"column":9}},"type":"if","locations":[{"start":{"line":55,"column":8},"end":{"line":57,"column":9}},{"start":{},"end":{}}],"line":55}},"s":{"0":4,"1":4,"2":4,"3":4,"4":4,"5":4,"6":4,"7":0,"8":0,"9":4,"10":4,"11":0,"12":0,"13":0,"14":0,"15":0,"16":0,"17":0,"18":0,"19":0,"20":0,"21":0,"22":0,"23":0,"24":0,"25":0,"26":0,"27":0,"28":0,"29":0,"30":0,"31":4,"32":0,"33":4,"34":0,"35":0,"36":0,"37":0,"38":0,"39":0,"40":4},"f":{"0":0,"1":0,"2":0,"3":0,"4":0,"5":0,"6":0,"7":0,"8":0},"b":{"0":[0,0]},"_coverageSchema":"1a1c01bbd47fc00a2c39e90264f33305004495a9","hash":"186ce3735bc790910a9fefa7fe38e81cbbf43f42"}
,"/Users/mariabjuvsjo/Desktop/Vteam2/wEbike/controllers/parking.js": {"path":"/Users/mariabjuvsjo/Desktop/Vteam2/wEbike/controllers/parking.js","statementMap":{"0":{"start":{"line":1,"column":17},"end":{"line":1,"column":36}},"1":{"start":{"line":2,"column":16},"end":{"line":2,"column":44}},"2":{"start":{"line":11,"column":22},"end":{"line":15,"column":1}},"3":{"start":{"line":12,"column":20},"end":{"line":12,"column":42}},"4":{"start":{"line":14,"column":4},"end":{"line":14,"column":34}},"5":{"start":{"line":25,"column":22},"end":{"line":39,"column":1}},"6":{"start":{"line":26,"column":19},"end":{"line":26,"column":29}},"7":{"start":{"line":28,"column":4},"end":{"line":30,"column":5}},"8":{"start":{"line":29,"column":8},"end":{"line":29,"column":72}},"9":{"start":{"line":32,"column":20},"end":{"line":32,"column":46}},"10":{"start":{"line":34,"column":4},"end":{"line":36,"column":5}},"11":{"start":{"line":35,"column":8},"end":{"line":35,"column":82}},"12":{"start":{"line":38,"column":4},"end":{"line":38,"column":34}},"13":{"start":{"line":49,"column":22},"end":{"line":60,"column":1}},"14":{"start":{"line":50,"column":39},"end":{"line":50,"column":47}},"15":{"start":{"line":53,"column":4},"end":{"line":59,"column":5}},"16":{"start":{"line":54,"column":24},"end":{"line":54,"column":72}},"17":{"start":{"line":56,"column":8},"end":{"line":56,"column":38}},"18":{"start":{"line":58,"column":8},"end":{"line":58,"column":55}},"19":{"start":{"line":70,"column":28},"end":{"line":84,"column":1}},"20":{"start":{"line":71,"column":23},"end":{"line":71,"column":33}},"21":{"start":{"line":73,"column":4},"end":{"line":75,"column":5}},"22":{"start":{"line":74,"column":8},"end":{"line":74,"column":72}},"23":{"start":{"line":77,"column":26},"end":{"line":77,"column":75}},"24":{"start":{"line":79,"column":4},"end":{"line":81,"column":5}},"25":{"start":{"line":80,"column":8},"end":{"line":80,"column":80}},"26":{"start":{"line":83,"column":4},"end":{"line":83,"column":40}},"27":{"start":{"line":95,"column":25},"end":{"line":120,"column":1}},"28":{"start":{"line":97,"column":19},"end":{"line":97,"column":29}},"29":{"start":{"line":99,"column":4},"end":{"line":101,"column":5}},"30":{"start":{"line":100,"column":8},"end":{"line":100,"column":72}},"31":{"start":{"line":103,"column":25},"end":{"line":110,"column":5}},"32":{"start":{"line":112,"column":4},"end":{"line":119,"column":5}},"33":{"start":{"line":113,"column":8},"end":{"line":113,"column":60}},"34":{"start":{"line":114,"column":24},"end":{"line":114,"column":50}},"35":{"start":{"line":116,"column":8},"end":{"line":116,"column":38}},"36":{"start":{"line":118,"column":8},"end":{"line":118,"column":55}},"37":{"start":{"line":124,"column":0},"end":{"line":130,"column":1}}},"fnMap":{"0":{"name":"(anonymous_0)","decl":{"start":{"line":11,"column":22},"end":{"line":11,"column":23}},"loc":{"start":{"line":11,"column":42},"end":{"line":15,"column":1}},"line":11},"1":{"name":"(anonymous_1)","decl":{"start":{"line":25,"column":22},"end":{"line":25,"column":23}},"loc":{"start":{"line":25,"column":42},"end":{"line":39,"column":1}},"line":25},"2":{"name":"(anonymous_2)","decl":{"start":{"line":49,"column":22},"end":{"line":49,"column":23}},"loc":{"start":{"line":49,"column":42},"end":{"line":60,"column":1}},"line":49},"3":{"name":"(anonymous_3)","decl":{"start":{"line":70,"column":28},"end":{"line":70,"column":29}},"loc":{"start":{"line":70,"column":48},"end":{"line":84,"column":1}},"line":70},"4":{"name":"(anonymous_4)","decl":{"start":{"line":95,"column":25},"end":{"line":95,"column":26}},"loc":{"start":{"line":95,"column":45},"end":{"line":120,"column":1}},"line":95}},"branchMap":{"0":{"loc":{"start":{"line":28,"column":4},"end":{"line":30,"column":5}},"type":"if","locations":[{"start":{"line":28,"column":4},"end":{"line":30,"column":5}},{"start":{},"end":{}}],"line":28},"1":{"loc":{"start":{"line":34,"column":4},"end":{"line":36,"column":5}},"type":"if","locations":[{"start":{"line":34,"column":4},"end":{"line":36,"column":5}},{"start":{},"end":{}}],"line":34},"2":{"loc":{"start":{"line":73,"column":4},"end":{"line":75,"column":5}},"type":"if","locations":[{"start":{"line":73,"column":4},"end":{"line":75,"column":5}},{"start":{},"end":{}}],"line":73},"3":{"loc":{"start":{"line":79,"column":4},"end":{"line":81,"column":5}},"type":"if","locations":[{"start":{"line":79,"column":4},"end":{"line":81,"column":5}},{"start":{},"end":{}}],"line":79},"4":{"loc":{"start":{"line":99,"column":4},"end":{"line":101,"column":5}},"type":"if","locations":[{"start":{"line":99,"column":4},"end":{"line":101,"column":5}},{"start":{},"end":{}}],"line":99}},"s":{"0":4,"1":4,"2":4,"3":2,"4":2,"5":4,"6":3,"7":3,"8":1,"9":2,"10":2,"11":1,"12":1,"13":4,"14":5,"15":5,"16":5,"17":4,"18":1,"19":4,"20":3,"21":3,"22":1,"23":2,"24":2,"25":1,"26":1,"27":4,"28":2,"29":2,"30":1,"31":1,"32":1,"33":1,"34":1,"35":1,"36":0,"37":4},"f":{"0":2,"1":3,"2":5,"3":3,"4":2},"b":{"0":[1,2],"1":[1,1],"2":[1,2],"3":[1,1],"4":[1,1]},"_coverageSchema":"1a1c01bbd47fc00a2c39e90264f33305004495a9","hash":"d25ba9c3e675644689fcf5564dd76779fc6a93d4"}
,"/Users/mariabjuvsjo/Desktop/Vteam2/wEbike/controllers/prices.js": {"path":"/Users/mariabjuvsjo/Desktop/Vteam2/wEbike/controllers/prices.js","statementMap":{"0":{"start":{"line":1,"column":17},"end":{"line":1,"column":36}},"1":{"start":{"line":2,"column":14},"end":{"line":2,"column":41}},"2":{"start":{"line":10,"column":18},"end":{"line":14,"column":1}},"3":{"start":{"line":11,"column":19},"end":{"line":11,"column":39}},"4":{"start":{"line":13,"column":4},"end":{"line":13,"column":33}},"5":{"start":{"line":22,"column":21},"end":{"line":35,"column":1}},"6":{"start":{"line":23,"column":4},"end":{"line":23,"column":51}},"7":{"start":{"line":39,"column":0},"end":{"line":42,"column":1}}},"fnMap":{"0":{"name":"(anonymous_0)","decl":{"start":{"line":10,"column":18},"end":{"line":10,"column":19}},"loc":{"start":{"line":10,"column":38},"end":{"line":14,"column":1}},"line":10},"1":{"name":"(anonymous_1)","decl":{"start":{"line":22,"column":21},"end":{"line":22,"column":22}},"loc":{"start":{"line":22,"column":41},"end":{"line":35,"column":1}},"line":22}},"branchMap":{},"s":{"0":4,"1":4,"2":4,"3":0,"4":0,"5":4,"6":0,"7":4},"f":{"0":0,"1":0},"b":{},"_coverageSchema":"1a1c01bbd47fc00a2c39e90264f33305004495a9","hash":"3d10417d0f577f2e36ad87e6895403b6cfc03680"}
,"/Users/mariabjuvsjo/Desktop/Vteam2/wEbike/controllers/users.js": {"path":"/Users/mariabjuvsjo/Desktop/Vteam2/wEbike/controllers/users.js","statementMap":{"0":{"start":{"line":1,"column":0},"end":{"line":1,"column":27}},"1":{"start":{"line":2,"column":17},"end":{"line":2,"column":36}},"2":{"start":{"line":3,"column":15},"end":{"line":3,"column":34}},"3":{"start":{"line":4,"column":12},"end":{"line":4,"column":35}},"4":{"start":{"line":5,"column":13},"end":{"line":5,"column":38}},"5":{"start":{"line":7,"column":20},"end":{"line":7,"column":32}},"6":{"start":{"line":17,"column":20},"end":{"line":21,"column":1}},"7":{"start":{"line":18,"column":18},"end":{"line":18,"column":37}},"8":{"start":{"line":20,"column":4},"end":{"line":20,"column":32}},"9":{"start":{"line":31,"column":24},"end":{"line":35,"column":1}},"10":{"start":{"line":32,"column":22},"end":{"line":32,"column":59}},"11":{"start":{"line":34,"column":4},"end":{"line":34,"column":36}},"12":{"start":{"line":45,"column":23},"end":{"line":59,"column":1}},"13":{"start":{"line":46,"column":19},"end":{"line":46,"column":29}},"14":{"start":{"line":48,"column":4},"end":{"line":50,"column":5}},"15":{"start":{"line":49,"column":8},"end":{"line":49,"column":75}},"16":{"start":{"line":52,"column":21},"end":{"line":52,"column":44}},"17":{"start":{"line":54,"column":4},"end":{"line":56,"column":5}},"18":{"start":{"line":55,"column":8},"end":{"line":55,"column":75}},"19":{"start":{"line":58,"column":4},"end":{"line":58,"column":35}},"20":{"start":{"line":73,"column":15},"end":{"line":106,"column":1}},"21":{"start":{"line":77,"column":35},"end":{"line":77,"column":43}},"22":{"start":{"line":79,"column":4},"end":{"line":81,"column":5}},"23":{"start":{"line":80,"column":8},"end":{"line":80,"column":66}},"24":{"start":{"line":83,"column":17},"end":{"line":83,"column":49}},"25":{"start":{"line":85,"column":24},"end":{"line":85,"column":69}},"26":{"start":{"line":88,"column":4},"end":{"line":104,"column":5}},"27":{"start":{"line":89,"column":8},"end":{"line":89,"column":25}},"28":{"start":{"line":90,"column":22},"end":{"line":90,"column":42}},"29":{"start":{"line":91,"column":8},"end":{"line":100,"column":11}},"30":{"start":{"line":103,"column":8},"end":{"line":103,"column":68}},"31":{"start":{"line":118,"column":15},"end":{"line":160,"column":1}},"32":{"start":{"line":120,"column":56},"end":{"line":120,"column":64}},"33":{"start":{"line":123,"column":24},"end":{"line":123,"column":56}},"34":{"start":{"line":125,"column":4},"end":{"line":128,"column":5}},"35":{"start":{"line":126,"column":8},"end":{"line":126,"column":70}},"36":{"start":{"line":130,"column":17},"end":{"line":130,"column":41}},"37":{"start":{"line":131,"column":21},"end":{"line":131,"column":54}},"38":{"start":{"line":135,"column":17},"end":{"line":140,"column":6}},"39":{"start":{"line":142,"column":18},"end":{"line":142,"column":38}},"40":{"start":{"line":143,"column":4},"end":{"line":158,"column":5}},"41":{"start":{"line":144,"column":8},"end":{"line":144,"column":24}},"42":{"start":{"line":145,"column":8},"end":{"line":154,"column":10}},"43":{"start":{"line":156,"column":8},"end":{"line":156,"column":63}},"44":{"start":{"line":164,"column":19},"end":{"line":168,"column":1}},"45":{"start":{"line":165,"column":4},"end":{"line":167,"column":6}},"46":{"start":{"line":170,"column":19},"end":{"line":202,"column":1}},"47":{"start":{"line":171,"column":19},"end":{"line":171,"column":29}},"48":{"start":{"line":173,"column":4},"end":{"line":175,"column":5}},"49":{"start":{"line":174,"column":8},"end":{"line":174,"column":71}},"50":{"start":{"line":176,"column":25},"end":{"line":191,"column":5}},"51":{"start":{"line":194,"column":4},"end":{"line":201,"column":5}},"52":{"start":{"line":195,"column":8},"end":{"line":195,"column":57}},"53":{"start":{"line":196,"column":25},"end":{"line":196,"column":48}},"54":{"start":{"line":198,"column":8},"end":{"line":198,"column":39}},"55":{"start":{"line":200,"column":8},"end":{"line":200,"column":55}},"56":{"start":{"line":211,"column":19},"end":{"line":226,"column":1}},"57":{"start":{"line":212,"column":19},"end":{"line":212,"column":29}},"58":{"start":{"line":214,"column":4},"end":{"line":216,"column":5}},"59":{"start":{"line":215,"column":8},"end":{"line":215,"column":61}},"60":{"start":{"line":218,"column":21},"end":{"line":218,"column":53}},"61":{"start":{"line":220,"column":4},"end":{"line":222,"column":5}},"62":{"start":{"line":221,"column":8},"end":{"line":221,"column":61}},"63":{"start":{"line":224,"column":4},"end":{"line":224,"column":27}},"64":{"start":{"line":228,"column":0},"end":{"line":236,"column":1}}},"fnMap":{"0":{"name":"(anonymous_0)","decl":{"start":{"line":17,"column":20},"end":{"line":17,"column":21}},"loc":{"start":{"line":17,"column":40},"end":{"line":21,"column":1}},"line":17},"1":{"name":"(anonymous_1)","decl":{"start":{"line":31,"column":24},"end":{"line":31,"column":25}},"loc":{"start":{"line":31,"column":44},"end":{"line":35,"column":1}},"line":31},"2":{"name":"(anonymous_2)","decl":{"start":{"line":45,"column":23},"end":{"line":45,"column":24}},"loc":{"start":{"line":45,"column":43},"end":{"line":59,"column":1}},"line":45},"3":{"name":"(anonymous_3)","decl":{"start":{"line":73,"column":15},"end":{"line":73,"column":16}},"loc":{"start":{"line":73,"column":35},"end":{"line":106,"column":1}},"line":73},"4":{"name":"(anonymous_4)","decl":{"start":{"line":118,"column":15},"end":{"line":118,"column":16}},"loc":{"start":{"line":118,"column":35},"end":{"line":160,"column":1}},"line":118},"5":{"name":"(anonymous_5)","decl":{"start":{"line":164,"column":19},"end":{"line":164,"column":20}},"loc":{"start":{"line":164,"column":27},"end":{"line":168,"column":1}},"line":164},"6":{"name":"(anonymous_6)","decl":{"start":{"line":170,"column":19},"end":{"line":170,"column":20}},"loc":{"start":{"line":170,"column":39},"end":{"line":202,"column":1}},"line":170},"7":{"name":"(anonymous_7)","decl":{"start":{"line":211,"column":19},"end":{"line":211,"column":20}},"loc":{"start":{"line":211,"column":39},"end":{"line":226,"column":1}},"line":211}},"branchMap":{"0":{"loc":{"start":{"line":48,"column":4},"end":{"line":50,"column":5}},"type":"if","locations":[{"start":{"line":48,"column":4},"end":{"line":50,"column":5}},{"start":{},"end":{}}],"line":48},"1":{"loc":{"start":{"line":54,"column":4},"end":{"line":56,"column":5}},"type":"if","locations":[{"start":{"line":54,"column":4},"end":{"line":56,"column":5}},{"start":{},"end":{}}],"line":54},"2":{"loc":{"start":{"line":79,"column":4},"end":{"line":81,"column":5}},"type":"if","locations":[{"start":{"line":79,"column":4},"end":{"line":81,"column":5}},{"start":{},"end":{}}],"line":79},"3":{"loc":{"start":{"line":79,"column":8},"end":{"line":79,"column":42}},"type":"binary-expr","locations":[{"start":{"line":79,"column":8},"end":{"line":79,"column":23}},{"start":{"line":79,"column":27},"end":{"line":79,"column":42}}],"line":79},"4":{"loc":{"start":{"line":88,"column":4},"end":{"line":104,"column":5}},"type":"if","locations":[{"start":{"line":88,"column":4},"end":{"line":104,"column":5}},{"start":{"line":102,"column":11},"end":{"line":104,"column":5}}],"line":88},"5":{"loc":{"start":{"line":88,"column":8},"end":{"line":88,"column":29}},"type":"binary-expr","locations":[{"start":{"line":88,"column":8},"end":{"line":88,"column":12}},{"start":{"line":88,"column":16},"end":{"line":88,"column":29}}],"line":88},"6":{"loc":{"start":{"line":125,"column":4},"end":{"line":128,"column":5}},"type":"if","locations":[{"start":{"line":125,"column":4},"end":{"line":128,"column":5}},{"start":{},"end":{}}],"line":125},"7":{"loc":{"start":{"line":143,"column":4},"end":{"line":158,"column":5}},"type":"if","locations":[{"start":{"line":143,"column":4},"end":{"line":158,"column":5}},{"start":{"line":155,"column":11},"end":{"line":158,"column":5}}],"line":143},"8":{"loc":{"start":{"line":173,"column":4},"end":{"line":175,"column":5}},"type":"if","locations":[{"start":{"line":173,"column":4},"end":{"line":175,"column":5}},{"start":{},"end":{}}],"line":173},"9":{"loc":{"start":{"line":214,"column":4},"end":{"line":216,"column":5}},"type":"if","locations":[{"start":{"line":214,"column":4},"end":{"line":216,"column":5}},{"start":{},"end":{}}],"line":214},"10":{"loc":{"start":{"line":220,"column":4},"end":{"line":222,"column":5}},"type":"if","locations":[{"start":{"line":220,"column":4},"end":{"line":222,"column":5}},{"start":{},"end":{}}],"line":220}},"s":{"0":4,"1":4,"2":4,"3":4,"4":4,"5":4,"6":4,"7":0,"8":0,"9":4,"10":0,"11":0,"12":4,"13":0,"14":0,"15":0,"16":0,"17":0,"18":0,"19":0,"20":4,"21":0,"22":0,"23":0,"24":0,"25":0,"26":0,"27":0,"28":0,"29":0,"30":0,"31":4,"32":0,"33":0,"34":0,"35":0,"36":0,"37":0,"38":0,"39":0,"40":0,"41":0,"42":0,"43":0,"44":4,"45":0,"46":4,"47":0,"48":0,"49":0,"50":0,"51":0,"52":0,"53":0,"54":0,"55":0,"56":4,"57":0,"58":0,"59":0,"60":0,"61":0,"62":0,"63":0,"64":4},"f":{"0":0,"1":0,"2":0,"3":0,"4":0,"5":0,"6":0,"7":0},"b":{"0":[0,0],"1":[0,0],"2":[0,0],"3":[0,0],"4":[0,0],"5":[0,0],"6":[0,0],"7":[0,0],"8":[0,0],"9":[0,0],"10":[0,0]},"_coverageSchema":"1a1c01bbd47fc00a2c39e90264f33305004495a9","hash":"1e5f3d645e42f248a368a26c2ea4c45edce0d002"}
,"/Users/mariabjuvsjo/Desktop/Vteam2/wEbike/middleware/jwtAuth.js": {"path":"/Users/mariabjuvsjo/Desktop/Vteam2/wEbike/middleware/jwtAuth.js","statementMap":{"0":{"start":{"line":1,"column":0},"end":{"line":1,"column":27}},"1":{"start":{"line":2,"column":12},"end":{"line":2,"column":35}},"2":{"start":{"line":3,"column":16},"end":{"line":3,"column":33}},"3":{"start":{"line":5,"column":20},"end":{"line":5,"column":32}},"4":{"start":{"line":7,"column":22},"end":{"line":22,"column":1}},"5":{"start":{"line":8,"column":19},"end":{"line":8,"column":54}},"6":{"start":{"line":9,"column":4},"end":{"line":16,"column":5}},"7":{"start":{"line":10,"column":21},"end":{"line":10,"column":62}},"8":{"start":{"line":11,"column":8},"end":{"line":11,"column":24}},"9":{"start":{"line":12,"column":8},"end":{"line":12,"column":15}},"10":{"start":{"line":14,"column":8},"end":{"line":14,"column":38}},"11":{"start":{"line":15,"column":8},"end":{"line":15,"column":65}},"12":{"start":{"line":18,"column":4},"end":{"line":21,"column":5}},"13":{"start":{"line":19,"column":8},"end":{"line":19,"column":51}},"14":{"start":{"line":24,"column":0},"end":{"line":24,"column":34}}},"fnMap":{"0":{"name":"(anonymous_0)","decl":{"start":{"line":7,"column":22},"end":{"line":7,"column":23}},"loc":{"start":{"line":7,"column":42},"end":{"line":22,"column":1}},"line":7}},"branchMap":{"0":{"loc":{"start":{"line":18,"column":4},"end":{"line":21,"column":5}},"type":"if","locations":[{"start":{"line":18,"column":4},"end":{"line":21,"column":5}},{"start":{},"end":{}}],"line":18}},"s":{"0":4,"1":4,"2":4,"3":4,"4":4,"5":1,"6":1,"7":1,"8":0,"9":0,"10":1,"11":1,"12":0,"13":0,"14":4},"f":{"0":1},"b":{"0":[0,0]},"_coverageSchema":"1a1c01bbd47fc00a2c39e90264f33305004495a9","hash":"060ad276a5eec06ea6770d96beb26bf88300bb53"}
,"/Users/mariabjuvsjo/Desktop/Vteam2/wEbike/models/Bike.js": {"path":"/Users/mariabjuvsjo/Desktop/Vteam2/wEbike/models/Bike.js","statementMap":{"0":{"start":{"line":1,"column":17},"end":{"line":1,"column":36}},"1":{"start":{"line":3,"column":20},"end":{"line":12,"column":2}},"2":{"start":{"line":15,"column":19},"end":{"line":56,"column":1}},"3":{"start":{"line":58,"column":13},"end":{"line":58,"column":47}},"4":{"start":{"line":59,"column":0},"end":{"line":59,"column":22}}},"fnMap":{},"branchMap":{},"s":{"0":4,"1":4,"2":4,"3":4,"4":4},"f":{},"b":{},"_coverageSchema":"1a1c01bbd47fc00a2c39e90264f33305004495a9","hash":"fe84dd1b54201563ff0da514f79fb39e9125fb84"}
,"/Users/mariabjuvsjo/Desktop/Vteam2/wEbike/models/ChargeSt.js": {"path":"/Users/mariabjuvsjo/Desktop/Vteam2/wEbike/models/ChargeSt.js","statementMap":{"0":{"start":{"line":1,"column":17},"end":{"line":1,"column":36}},"1":{"start":{"line":3,"column":20},"end":{"line":13,"column":2}},"2":{"start":{"line":14,"column":23},"end":{"line":25,"column":2}},"3":{"start":{"line":27,"column":17},"end":{"line":27,"column":59}},"4":{"start":{"line":28,"column":0},"end":{"line":28,"column":26}}},"fnMap":{},"branchMap":{},"s":{"0":4,"1":4,"2":4,"3":4,"4":4},"f":{},"b":{},"_coverageSchema":"1a1c01bbd47fc00a2c39e90264f33305004495a9","hash":"3798a80a3362e6c69f8dddd453215a3892257910"}
,"/Users/mariabjuvsjo/Desktop/Vteam2/wEbike/models/City.js": {"path":"/Users/mariabjuvsjo/Desktop/Vteam2/wEbike/models/City.js","statementMap":{"0":{"start":{"line":1,"column":17},"end":{"line":1,"column":36}},"1":{"start":{"line":3,"column":22},"end":{"line":14,"column":2}},"2":{"start":{"line":16,"column":19},"end":{"line":27,"column":2}},"3":{"start":{"line":29,"column":13},"end":{"line":29,"column":47}},"4":{"start":{"line":30,"column":0},"end":{"line":30,"column":22}}},"fnMap":{},"branchMap":{},"s":{"0":4,"1":4,"2":4,"3":4,"4":4},"f":{},"b":{},"_coverageSchema":"1a1c01bbd47fc00a2c39e90264f33305004495a9","hash":"83ba10b20c1465fb4fe16ed16c8ed45b98f77aab"}
,"/Users/mariabjuvsjo/Desktop/Vteam2/wEbike/models/Parking.js": {"path":"/Users/mariabjuvsjo/Desktop/Vteam2/wEbike/models/Parking.js","statementMap":{"0":{"start":{"line":1,"column":17},"end":{"line":1,"column":36}},"1":{"start":{"line":3,"column":20},"end":{"line":13,"column":2}},"2":{"start":{"line":14,"column":22},"end":{"line":25,"column":2}},"3":{"start":{"line":27,"column":16},"end":{"line":27,"column":56}},"4":{"start":{"line":28,"column":0},"end":{"line":28,"column":25}}},"fnMap":{},"branchMap":{},"s":{"0":4,"1":4,"2":4,"3":4,"4":4},"f":{},"b":{},"_coverageSchema":"1a1c01bbd47fc00a2c39e90264f33305004495a9","hash":"24cfd665e411b1ba5a428a27801b600604f51a4a"}
,"/Users/mariabjuvsjo/Desktop/Vteam2/wEbike/models/Prices.js": {"path":"/Users/mariabjuvsjo/Desktop/Vteam2/wEbike/models/Prices.js","statementMap":{"0":{"start":{"line":1,"column":17},"end":{"line":1,"column":36}},"1":{"start":{"line":4,"column":20},"end":{"line":10,"column":2}},"2":{"start":{"line":12,"column":14},"end":{"line":12,"column":50}},"3":{"start":{"line":13,"column":0},"end":{"line":13,"column":23}}},"fnMap":{},"branchMap":{},"s":{"0":4,"1":4,"2":4,"3":4},"f":{},"b":{},"_coverageSchema":"1a1c01bbd47fc00a2c39e90264f33305004495a9","hash":"10f57d49a8be6c6c0d2be161024c9ada5ad4e3e1"}
,"/Users/mariabjuvsjo/Desktop/Vteam2/wEbike/models/User.js": {"path":"/Users/mariabjuvsjo/Desktop/Vteam2/wEbike/models/User.js","statementMap":{"0":{"start":{"line":1,"column":17},"end":{"line":1,"column":36}},"1":{"start":{"line":3,"column":19},"end":{"line":16,"column":2}},"2":{"start":{"line":18,"column":13},"end":{"line":18,"column":47}},"3":{"start":{"line":19,"column":0},"end":{"line":19,"column":22}}},"fnMap":{},"branchMap":{},"s":{"0":4,"1":4,"2":4,"3":4},"f":{},"b":{},"_coverageSchema":"1a1c01bbd47fc00a2c39e90264f33305004495a9","hash":"c1f23e638f5e086edb4e7a3b1ea5d23f76517b23"}
,"/Users/mariabjuvsjo/Desktop/Vteam2/wEbike/routes/bike.js": {"path":"/Users/mariabjuvsjo/Desktop/Vteam2/wEbike/routes/bike.js","statementMap":{"0":{"start":{"line":1,"column":16},"end":{"line":1,"column":34}},"1":{"start":{"line":2,"column":15},"end":{"line":2,"column":31}},"2":{"start":{"line":4,"column":175},"end":{"line":4,"column":205}},"3":{"start":{"line":10,"column":0},"end":{"line":10,"column":28}},"4":{"start":{"line":16,"column":0},"end":{"line":16,"column":34}},"5":{"start":{"line":21,"column":0},"end":{"line":21,"column":46}},"6":{"start":{"line":26,"column":0},"end":{"line":26,"column":65}},"7":{"start":{"line":31,"column":0},"end":{"line":31,"column":59}},"8":{"start":{"line":36,"column":0},"end":{"line":36,"column":28}},"9":{"start":{"line":41,"column":0},"end":{"line":41,"column":37}},"10":{"start":{"line":46,"column":0},"end":{"line":46,"column":36}},"11":{"start":{"line":51,"column":0},"end":{"line":51,"column":60}},"12":{"start":{"line":56,"column":0},"end":{"line":56,"column":53}},"13":{"start":{"line":60,"column":0},"end":{"line":60,"column":24}}},"fnMap":{},"branchMap":{},"s":{"0":4,"1":4,"2":4,"3":4,"4":4,"5":4,"6":4,"7":4,"8":4,"9":4,"10":4,"11":4,"12":4,"13":4},"f":{},"b":{},"_coverageSchema":"1a1c01bbd47fc00a2c39e90264f33305004495a9","hash":"8a0d969e0c653472bab38431658b2aa5cf7f333c"}
,"/Users/mariabjuvsjo/Desktop/Vteam2/wEbike/routes/chargest.js": {"path":"/Users/mariabjuvsjo/Desktop/Vteam2/wEbike/routes/chargest.js","statementMap":{"0":{"start":{"line":1,"column":16},"end":{"line":1,"column":34}},"1":{"start":{"line":2,"column":15},"end":{"line":2,"column":31}},"2":{"start":{"line":3,"column":101},"end":{"line":3,"column":135}},"3":{"start":{"line":8,"column":0},"end":{"line":8,"column":31}},"4":{"start":{"line":13,"column":0},"end":{"line":13,"column":49}},"5":{"start":{"line":18,"column":0},"end":{"line":18,"column":34}},"6":{"start":{"line":23,"column":0},"end":{"line":23,"column":37}},"7":{"start":{"line":29,"column":0},"end":{"line":29,"column":32}},"8":{"start":{"line":33,"column":0},"end":{"line":33,"column":24}}},"fnMap":{},"branchMap":{},"s":{"0":4,"1":4,"2":4,"3":4,"4":4,"5":4,"6":4,"7":4,"8":4},"f":{},"b":{},"_coverageSchema":"1a1c01bbd47fc00a2c39e90264f33305004495a9","hash":"e9ef5ec045578fbf8d9925c4eabcae93ed004d76"}
,"/Users/mariabjuvsjo/Desktop/Vteam2/wEbike/routes/city.js": {"path":"/Users/mariabjuvsjo/Desktop/Vteam2/wEbike/routes/city.js","statementMap":{"0":{"start":{"line":1,"column":16},"end":{"line":1,"column":34}},"1":{"start":{"line":2,"column":15},"end":{"line":2,"column":31}},"2":{"start":{"line":3,"column":76},"end":{"line":3,"column":106}},"3":{"start":{"line":8,"column":0},"end":{"line":8,"column":29}},"4":{"start":{"line":13,"column":0},"end":{"line":13,"column":25}},"5":{"start":{"line":18,"column":0},"end":{"line":18,"column":30}},"6":{"start":{"line":23,"column":0},"end":{"line":23,"column":36}},"7":{"start":{"line":29,"column":0},"end":{"line":29,"column":33}},"8":{"start":{"line":34,"column":0},"end":{"line":34,"column":24}}},"fnMap":{},"branchMap":{},"s":{"0":4,"1":4,"2":4,"3":4,"4":4,"5":4,"6":4,"7":4,"8":4},"f":{},"b":{},"_coverageSchema":"1a1c01bbd47fc00a2c39e90264f33305004495a9","hash":"95b7d797b46e89349788db6de73fc20e805acad1"}
,"/Users/mariabjuvsjo/Desktop/Vteam2/wEbike/routes/customer.js": {"path":"/Users/mariabjuvsjo/Desktop/Vteam2/wEbike/routes/customer.js","statementMap":{"0":{"start":{"line":1,"column":16},"end":{"line":1,"column":34}},"1":{"start":{"line":2,"column":15},"end":{"line":2,"column":31}},"2":{"start":{"line":3,"column":44},"end":{"line":3,"column":75}},"3":{"start":{"line":5,"column":0},"end":{"line":5,"column":33}},"4":{"start":{"line":7,"column":0},"end":{"line":7,"column":35}},"5":{"start":{"line":10,"column":0},"end":{"line":10,"column":24}}},"fnMap":{},"branchMap":{},"s":{"0":4,"1":4,"2":4,"3":4,"4":4,"5":4},"f":{},"b":{},"_coverageSchema":"1a1c01bbd47fc00a2c39e90264f33305004495a9","hash":"138de21923c9ba52cbd65b63a3223c9f7b989b9a"}
,"/Users/mariabjuvsjo/Desktop/Vteam2/wEbike/routes/index.js": {"path":"/Users/mariabjuvsjo/Desktop/Vteam2/wEbike/routes/index.js","statementMap":{"0":{"start":{"line":1,"column":16},"end":{"line":1,"column":34}},"1":{"start":{"line":2,"column":15},"end":{"line":2,"column":31}},"2":{"start":{"line":4,"column":0},"end":{"line":8,"column":3}},"3":{"start":{"line":5,"column":4},"end":{"line":7,"column":7}},"4":{"start":{"line":11,"column":0},"end":{"line":11,"column":24}}},"fnMap":{"0":{"name":"(anonymous_0)","decl":{"start":{"line":4,"column":20},"end":{"line":4,"column":21}},"loc":{"start":{"line":4,"column":34},"end":{"line":8,"column":1}},"line":4}},"branchMap":{},"s":{"0":4,"1":4,"2":4,"3":0,"4":4},"f":{"0":0},"b":{},"_coverageSchema":"1a1c01bbd47fc00a2c39e90264f33305004495a9","hash":"0a19aac9a55aed2e5a3b0b4529e123aae762bc84"}
,"/Users/mariabjuvsjo/Desktop/Vteam2/wEbike/routes/parking.js": {"path":"/Users/mariabjuvsjo/Desktop/Vteam2/wEbike/routes/parking.js","statementMap":{"0":{"start":{"line":1,"column":16},"end":{"line":1,"column":34}},"1":{"start":{"line":2,"column":15},"end":{"line":2,"column":31}},"2":{"start":{"line":3,"column":95},"end":{"line":3,"column":128}},"3":{"start":{"line":8,"column":0},"end":{"line":8,"column":30}},"4":{"start":{"line":13,"column":0},"end":{"line":13,"column":33}},"5":{"start":{"line":19,"column":0},"end":{"line":19,"column":48}},"6":{"start":{"line":25,"column":0},"end":{"line":25,"column":31}},"7":{"start":{"line":30,"column":0},"end":{"line":30,"column":36}},"8":{"start":{"line":36,"column":0},"end":{"line":36,"column":24}}},"fnMap":{},"branchMap":{},"s":{"0":4,"1":4,"2":4,"3":4,"4":4,"5":4,"6":4,"7":4,"8":4},"f":{},"b":{},"_coverageSchema":"1a1c01bbd47fc00a2c39e90264f33305004495a9","hash":"2d5ae68c3f4c7f4a04bf751789971f02c7fe7df3"}
,"/Users/mariabjuvsjo/Desktop/Vteam2/wEbike/routes/prices.js": {"path":"/Users/mariabjuvsjo/Desktop/Vteam2/wEbike/routes/prices.js","statementMap":{"0":{"start":{"line":1,"column":16},"end":{"line":1,"column":34}},"1":{"start":{"line":2,"column":15},"end":{"line":2,"column":31}},"2":{"start":{"line":3,"column":36},"end":{"line":3,"column":68}},"3":{"start":{"line":4,"column":26},"end":{"line":4,"column":58}},"4":{"start":{"line":9,"column":0},"end":{"line":9,"column":41}},"5":{"start":{"line":14,"column":0},"end":{"line":14,"column":32}},"6":{"start":{"line":19,"column":0},"end":{"line":19,"column":24}}},"fnMap":{},"branchMap":{},"s":{"0":4,"1":4,"2":4,"3":4,"4":4,"5":4,"6":4},"f":{},"b":{},"_coverageSchema":"1a1c01bbd47fc00a2c39e90264f33305004495a9","hash":"c04d8d034be10745a6d437bf1d990da95af94b89"}
,"/Users/mariabjuvsjo/Desktop/Vteam2/wEbike/routes/user.js": {"path":"/Users/mariabjuvsjo/Desktop/Vteam2/wEbike/routes/user.js","statementMap":{"0":{"start":{"line":1,"column":16},"end":{"line":1,"column":34}},"1":{"start":{"line":2,"column":15},"end":{"line":2,"column":31}},"2":{"start":{"line":3,"column":64},"end":{"line":3,"column":95}},"3":{"start":{"line":4,"column":41},"end":{"line":4,"column":73}},"4":{"start":{"line":5,"column":26},"end":{"line":5,"column":58}},"5":{"start":{"line":7,"column":0},"end":{"line":7,"column":42}},"6":{"start":{"line":9,"column":0},"end":{"line":9,"column":47}},"7":{"start":{"line":11,"column":0},"end":{"line":11,"column":42}},"8":{"start":{"line":13,"column":0},"end":{"line":13,"column":31}},"9":{"start":{"line":15,"column":0},"end":{"line":15,"column":31}},"10":{"start":{"line":17,"column":0},"end":{"line":17,"column":31}},"11":{"start":{"line":19,"column":0},"end":{"line":19,"column":33}},"12":{"start":{"line":21,"column":0},"end":{"line":26,"column":3}},"13":{"start":{"line":22,"column":4},"end":{"line":22,"column":34}},"14":{"start":{"line":23,"column":4},"end":{"line":25,"column":7}},"15":{"start":{"line":32,"column":0},"end":{"line":32,"column":23}}},"fnMap":{"0":{"name":"(anonymous_0)","decl":{"start":{"line":21,"column":22},"end":{"line":21,"column":23}},"loc":{"start":{"line":21,"column":42},"end":{"line":26,"column":1}},"line":21}},"branchMap":{},"s":{"0":4,"1":4,"2":4,"3":4,"4":4,"5":4,"6":4,"7":4,"8":4,"9":4,"10":4,"11":4,"12":4,"13":0,"14":0,"15":4},"f":{"0":0},"b":{},"_coverageSchema":"1a1c01bbd47fc00a2c39e90264f33305004495a9","hash":"c7f6f0309729c783ea7fed27179a06cec93cdecc"}
}
