TN:
SF:app.js
FN:32,(anonymous_0)
FN:54,(anonymous_1)
FN:62,(anonymous_2)
FNF:3
FNH:1
FNDA:81,(anonymous_0)
FNDA:0,(anonymous_1)
FNDA:0,(anonymous_2)
DA:1,5
DA:2,5
DA:3,5
DA:4,5
DA:5,5
DA:6,5
DA:7,5
DA:8,5
DA:9,5
DA:10,5
DA:12,5
DA:13,5
DA:15,5
DA:18,5
DA:21,5
DA:24,5
DA:32,5
DA:35,81
DA:40,5
DA:42,5
DA:44,5
DA:46,5
DA:48,5
DA:50,5
DA:52,5
DA:54,5
DA:55,0
DA:62,5
DA:63,0
DA:65,0
DA:66,0
DA:69,5
LF:32
LH:28
BRF:0
BRH:0
end_of_record
TN:
SF:controllers/bike.js
FN:12,(anonymous_0)
FN:26,(anonymous_1)
FN:50,(anonymous_2)
FN:78,(anonymous_3)
FN:108,(anonymous_4)
FN:132,(anonymous_5)
FN:156,(anonymous_6)
FN:200,(anonymous_7)
FN:216,(anonymous_8)
FN:224,(anonymous_9)
FN:235,(anonymous_10)
FN:241,(anonymous_11)
FN:249,(anonymous_12)
FN:260,(anonymous_13)
FNF:14
FNH:8
FNDA:2,(anonymous_0)
FNDA:3,(anonymous_1)
FNDA:13,(anonymous_2)
FNDA:3,(anonymous_3)
FNDA:3,(anonymous_4)
FNDA:3,(anonymous_5)
FNDA:2,(anonymous_6)
FNDA:3,(anonymous_7)
FNDA:0,(anonymous_8)
FNDA:0,(anonymous_9)
FNDA:0,(anonymous_10)
FNDA:0,(anonymous_11)
FNDA:0,(anonymous_12)
FNDA:0,(anonymous_13)
DA:1,5
DA:2,5
DA:12,5
DA:13,2
DA:15,2
DA:26,5
DA:27,3
DA:29,3
DA:30,1
DA:33,2
DA:35,2
DA:36,1
DA:39,1
DA:50,5
DA:54,13
DA:56,13
DA:57,13
DA:64,12
DA:66,1
DA:78,5
DA:79,3
DA:81,3
DA:82,1
DA:85,2
DA:87,2
DA:88,1
DA:91,1
DA:108,5
DA:109,3
DA:111,3
DA:112,1
DA:115,2
DA:117,2
DA:118,1
DA:121,1
DA:132,5
DA:133,3
DA:135,3
DA:136,1
DA:139,2
DA:141,2
DA:142,1
DA:145,1
DA:156,5
DA:157,2
DA:159,2
DA:160,1
DA:162,1
DA:183,1
DA:184,1
DA:185,1
DA:187,1
DA:189,0
DA:200,5
DA:201,3
DA:203,3
DA:204,1
DA:207,2
DA:209,2
DA:210,1
DA:213,1
DA:216,5
DA:217,0
DA:218,0
DA:219,0
DA:224,0
DA:225,0
DA:227,0
DA:228,0
DA:229,0
DA:230,0
DA:231,0
DA:235,0
DA:236,0
DA:237,0
DA:241,5
DA:242,0
DA:243,0
DA:244,0
DA:249,0
DA:250,0
DA:255,0
DA:256,0
DA:257,0
DA:260,0
DA:261,0
DA:262,0
DA:266,5
LF:88
LH:63
BRDA:29,0,0,1
BRDA:29,0,1,2
BRDA:35,1,0,1
BRDA:35,1,1,1
BRDA:81,2,0,1
BRDA:81,2,1,2
BRDA:87,3,0,1
BRDA:87,3,1,1
BRDA:111,4,0,1
BRDA:111,4,1,2
BRDA:117,5,0,1
BRDA:117,5,1,1
BRDA:135,6,0,1
BRDA:135,6,1,2
BRDA:141,7,0,1
BRDA:141,7,1,1
BRDA:159,8,0,1
BRDA:159,8,1,1
BRDA:203,9,0,1
BRDA:203,9,1,2
BRDA:209,10,0,1
BRDA:209,10,1,1
BRDA:230,11,0,0
BRDA:230,11,1,0
BRF:24
BRH:22
end_of_record
TN:
SF:controllers/chargeSt.js
FN:11,(anonymous_0)
FN:28,(anonymous_1)
FN:48,(anonymous_2)
FN:72,(anonymous_3)
FN:97,(anonymous_4)
FNF:5
FNH:5
FNDA:2,(anonymous_0)
FNDA:5,(anonymous_1)
FNDA:3,(anonymous_2)
FNDA:3,(anonymous_3)
FNDA:2,(anonymous_4)
DA:1,5
DA:2,5
DA:11,5
DA:12,2
DA:14,2
DA:28,5
DA:29,5
DA:31,5
DA:32,5
DA:34,4
DA:36,1
DA:48,5
DA:49,3
DA:51,3
DA:52,1
DA:55,2
DA:57,2
DA:58,1
DA:61,1
DA:72,5
DA:73,3
DA:75,3
DA:76,1
DA:79,2
DA:81,2
DA:82,1
DA:85,1
DA:97,5
DA:98,2
DA:100,2
DA:101,1
DA:104,1
DA:113,1
DA:114,1
DA:115,1
DA:117,1
DA:119,0
DA:125,5
LF:38
LH:37
BRDA:51,0,0,1
BRDA:51,0,1,2
BRDA:57,1,0,1
BRDA:57,1,1,1
BRDA:75,2,0,1
BRDA:75,2,1,2
BRDA:81,3,0,1
BRDA:81,3,1,1
BRDA:100,4,0,1
BRDA:100,4,1,1
BRF:10
BRH:10
end_of_record
TN:
SF:controllers/city.js
FN:11,(anonymous_0)
FN:22,(anonymous_1)
FN:41,(anonymous_2)
FN:64,(anonymous_3)
FN:80,(anonymous_4)
FNF:5
FNH:5
FNDA:2,(anonymous_0)
FNDA:5,(anonymous_1)
FNDA:3,(anonymous_2)
FNDA:3,(anonymous_3)
FNDA:2,(anonymous_4)
DA:1,5
DA:2,5
DA:11,5
DA:12,2
DA:14,2
DA:22,5
DA:23,5
DA:25,5
DA:26,5
DA:28,4
DA:30,1
DA:41,5
DA:42,3
DA:44,3
DA:45,1
DA:48,2
DA:50,2
DA:51,1
DA:54,1
DA:64,5
DA:65,3
DA:67,3
DA:68,1
DA:71,2
DA:73,2
DA:74,1
DA:77,1
DA:80,5
DA:81,2
DA:83,2
DA:84,1
DA:87,1
DA:97,1
DA:98,1
DA:99,1
DA:101,1
DA:103,0
DA:107,5
LF:38
LH:37
BRDA:44,0,0,1
BRDA:44,0,1,2
BRDA:50,1,0,1
BRDA:50,1,1,1
BRDA:67,2,0,1
BRDA:67,2,1,2
BRDA:73,3,0,1
BRDA:73,3,1,1
BRDA:83,4,0,1
BRDA:83,4,1,1
BRF:10
BRH:10
end_of_record
TN:
SF:controllers/github.js
FN:8,(anonymous_0)
FN:9,(anonymous_1)
FN:21,(anonymous_2)
FN:30,(anonymous_3)
FN:32,(anonymous_4)
FN:45,(anonymous_5)
FN:47,(anonymous_6)
FN:73,(anonymous_7)
FN:87,(anonymous_8)
FNF:9
FNH:0
FNDA:0,(anonymous_0)
FNDA:0,(anonymous_1)
FNDA:0,(anonymous_2)
FNDA:0,(anonymous_3)
FNDA:0,(anonymous_4)
FNDA:0,(anonymous_5)
FNDA:0,(anonymous_6)
FNDA:0,(anonymous_7)
FNDA:0,(anonymous_8)
DA:1,5
DA:2,5
DA:3,5
DA:4,5
DA:5,5
DA:6,5
DA:8,5
DA:9,0
DA:11,5
DA:21,5
DA:22,0
DA:23,0
DA:26,0
DA:30,0
DA:33,0
DA:36,0
DA:38,0
DA:40,0
DA:46,0
DA:48,0
DA:50,0
DA:52,0
DA:54,0
DA:55,0
DA:58,0
DA:60,0
DA:62,0
DA:68,0
DA:73,5
DA:74,0
DA:87,5
DA:88,0
DA:90,0
DA:92,0
DA:95,0
DA:97,0
DA:101,5
LF:37
LH:12
BRDA:54,0,0,0
BRDA:54,0,1,0
BRF:2
BRH:0
end_of_record
TN:
SF:controllers/parking.js
FN:11,(anonymous_0)
FN:25,(anonymous_1)
FN:49,(anonymous_2)
FN:69,(anonymous_3)
FN:94,(anonymous_4)
FNF:5
FNH:5
FNDA:2,(anonymous_0)
FNDA:3,(anonymous_1)
FNDA:5,(anonymous_2)
FNDA:3,(anonymous_3)
FNDA:2,(anonymous_4)
DA:1,5
DA:2,5
DA:11,5
DA:12,2
DA:14,2
DA:25,5
DA:26,3
DA:28,3
DA:29,1
DA:32,2
DA:34,2
DA:35,1
DA:38,1
DA:49,5
DA:50,5
DA:52,5
DA:53,5
DA:55,4
DA:57,1
DA:69,5
DA:70,3
DA:72,3
DA:73,1
DA:76,2
DA:78,2
DA:79,1
DA:82,1
DA:94,5
DA:95,2
DA:97,2
DA:98,1
DA:101,1
DA:109,1
DA:110,1
DA:111,1
DA:113,1
DA:115,0
DA:121,5
LF:38
LH:37
BRDA:28,0,0,1
BRDA:28,0,1,2
BRDA:34,1,0,1
BRDA:34,1,1,1
BRDA:72,2,0,1
BRDA:72,2,1,2
BRDA:78,3,0,1
BRDA:78,3,1,1
BRDA:97,4,0,1
BRDA:97,4,1,1
BRF:10
BRH:10
end_of_record
TN:
SF:controllers/prices.js
FN:10,(anonymous_0)
FN:16,(anonymous_1)
FNF:2
FNH:2
FNDA:1,(anonymous_0)
FNDA:1,(anonymous_1)
DA:1,5
DA:2,5
DA:10,5
DA:11,1
DA:13,1
DA:16,5
DA:17,1
DA:19,1
DA:20,1
DA:23,0
DA:32,0
DA:33,0
DA:34,0
DA:36,0
DA:38,0
DA:44,5
LF:16
LH:10
BRDA:19,0,0,1
BRDA:19,0,1,0
BRF:2
BRH:1
end_of_record
TN:
SF:controllers/users.js
FN:17,(anonymous_0)
FN:31,(anonymous_1)
FN:45,(anonymous_2)
FN:69,(anonymous_3)
FN:89,(anonymous_4)
FN:114,(anonymous_5)
FN:155,(anonymous_6)
FN:198,(anonymous_7)
FN:213,(anonymous_8)
FN:255,(anonymous_9)
FNF:10
FNH:0
FNDA:0,(anonymous_0)
FNDA:0,(anonymous_1)
FNDA:0,(anonymous_2)
FNDA:0,(anonymous_3)
FNDA:0,(anonymous_4)
FNDA:0,(anonymous_5)
FNDA:0,(anonymous_6)
FNDA:0,(anonymous_7)
FNDA:0,(anonymous_8)
FNDA:0,(anonymous_9)
DA:1,5
DA:2,5
DA:3,5
DA:4,5
DA:5,5
DA:7,5
DA:17,5
DA:18,0
DA:20,0
DA:31,5
DA:32,0
DA:34,0
DA:45,5
DA:46,0
DA:48,0
DA:49,0
DA:52,0
DA:54,0
DA:55,0
DA:58,0
DA:69,5
DA:70,0
DA:72,0
DA:74,0
DA:75,0
DA:78,0
DA:89,5
DA:90,0
DA:93,0
DA:95,0
DA:96,0
DA:99,0
DA:114,5
DA:117,0
DA:119,0
DA:120,0
DA:123,0
DA:125,0
DA:127,0
DA:128,0
DA:130,0
DA:141,0
DA:155,5
DA:156,0
DA:159,0
DA:161,0
DA:162,0
DA:165,0
DA:166,0
DA:170,0
DA:177,0
DA:179,0
DA:180,0
DA:191,0
DA:198,5
DA:199,0
DA:213,5
DA:214,0
DA:216,0
DA:217,0
DA:221,0
DA:238,0
DA:239,0
DA:240,0
DA:242,0
DA:244,0
DA:255,5
DA:256,0
DA:258,0
DA:259,0
DA:262,0
DA:264,0
DA:265,0
DA:268,0
DA:271,5
LF:75
LH:17
BRDA:48,0,0,0
BRDA:48,0,1,0
BRDA:54,1,0,0
BRDA:54,1,1,0
BRDA:74,2,0,0
BRDA:74,2,1,0
BRDA:95,3,0,0
BRDA:95,3,1,0
BRDA:119,4,0,0
BRDA:119,4,1,0
BRDA:119,5,0,0
BRDA:119,5,1,0
BRDA:127,6,0,0
BRDA:127,6,1,0
BRDA:127,7,0,0
BRDA:127,7,1,0
BRDA:161,8,0,0
BRDA:161,8,1,0
BRDA:179,9,0,0
BRDA:179,9,1,0
BRDA:216,10,0,0
BRDA:216,10,1,0
BRDA:258,11,0,0
BRDA:258,11,1,0
BRDA:264,12,0,0
BRDA:264,12,1,0
BRF:26
BRH:0
end_of_record
TN:
SF:middleware/jwtAuth.js
FN:7,(anonymous_0)
FNF:1
FNH:1
FNDA:44,(anonymous_0)
DA:1,5
DA:2,5
DA:3,5
DA:5,5
DA:7,5
DA:8,44
DA:9,44
DA:11,44
DA:13,42
DA:14,42
DA:16,2
DA:17,2
DA:20,42
DA:21,0
DA:25,5
LF:15
LH:14
BRDA:20,0,0,0
BRDA:20,0,1,42
BRF:2
BRH:1
end_of_record
TN:
SF:models/Bike.js
FNF:0
FNH:0
DA:1,5
DA:3,5
DA:15,5
DA:58,5
DA:60,5
LF:5
LH:5
BRF:0
BRH:0
end_of_record
TN:
SF:models/ChargeSt.js
FNF:0
FNH:0
DA:1,5
DA:3,5
DA:14,5
DA:27,5
DA:29,5
LF:5
LH:5
BRF:0
BRH:0
end_of_record
TN:
SF:models/City.js
FNF:0
FNH:0
DA:1,5
DA:3,5
DA:16,5
DA:29,5
DA:31,5
LF:5
LH:5
BRF:0
BRH:0
end_of_record
TN:
SF:models/Parking.js
FNF:0
FNH:0
DA:1,5
DA:3,5
DA:14,5
DA:27,5
DA:29,5
LF:5
LH:5
BRF:0
BRH:0
end_of_record
TN:
SF:models/Prices.js
FNF:0
FNH:0
DA:1,5
DA:4,5
DA:12,5
DA:14,5
LF:4
LH:4
BRF:0
BRH:0
end_of_record
TN:
SF:models/User.js
FNF:0
FNH:0
DA:1,5
DA:3,5
DA:18,5
DA:20,5
LF:4
LH:4
BRF:0
BRH:0
end_of_record
TN:
SF:routes/bike.js
FNF:0
FNH:0
DA:1,5
DA:2,5
DA:10,5
DA:16,5
DA:22,5
DA:27,5
DA:32,5
DA:37,5
DA:42,5
DA:47,5
DA:52,5
DA:57,5
DA:62,5
DA:66,5
LF:14
LH:14
BRF:0
BRH:0
end_of_record
TN:
SF:routes/chargest.js
FNF:0
FNH:0
DA:1,5
DA:2,5
DA:3,5
DA:9,5
DA:14,5
DA:19,5
DA:24,5
DA:29,5
DA:35,5
DA:39,5
LF:10
LH:10
BRF:0
BRH:0
end_of_record
TN:
SF:routes/city.js
FNF:0
FNH:0
DA:1,5
DA:2,5
DA:3,5
DA:8,5
DA:13,5
DA:18,5
DA:23,5
DA:28,5
DA:34,5
DA:39,5
LF:10
LH:10
BRF:0
BRH:0
end_of_record
TN:
SF:routes/customer.js
FNF:0
FNH:0
DA:1,5
DA:2,5
DA:3,5
DA:4,5
DA:6,5
DA:8,5
DA:11,5
LF:7
LH:7
BRF:0
BRH:0
end_of_record
TN:
SF:routes/parking.js
FNF:0
FNH:0
DA:1,5
DA:2,5
DA:3,5
DA:8,5
DA:13,5
DA:18,5
DA:24,5
DA:30,5
DA:35,5
DA:41,5
LF:10
LH:10
BRF:0
BRH:0
end_of_record
TN:
SF:routes/prices.js
FNF:0
FNH:0
DA:1,5
DA:2,5
DA:3,5
DA:4,5
DA:9,5
DA:13,5
DA:17,5
LF:7
LH:7
BRF:0
BRH:0
end_of_record
TN:
SF:routes/user.js
FN:31,(anonymous_0)
FNF:1
FNH:0
FNDA:0,(anonymous_0)
DA:1,5
DA:2,5
DA:9,5
DA:10,5
DA:11,5
DA:13,5
DA:15,5
DA:17,5
DA:19,5
DA:21,5
DA:23,5
DA:25,5
DA:27,5
DA:29,5
DA:31,5
DA:32,0
DA:33,0
DA:42,5
LF:18
LH:16
BRF:0
BRH:0
end_of_record
