TN:
SF:app.js
FN:35,(anonymous_0)
FN:58,(anonymous_1)
FN:66,(anonymous_2)
FNF:3
FNH:1
FNDA:78,(anonymous_0)
FNDA:0,(anonymous_1)
FNDA:0,(anonymous_2)
DA:1,4
DA:2,4
DA:4,4
DA:5,4
DA:6,4
DA:7,4
DA:8,4
DA:9,4
DA:10,4
DA:11,4
DA:12,4
DA:13,4
DA:15,4
DA:16,4
DA:18,4
DA:21,4
DA:24,4
DA:27,4
DA:35,4
DA:38,78
DA:43,4
DA:44,4
DA:46,4
DA:48,4
DA:50,4
DA:52,4
DA:54,4
DA:56,4
DA:58,4
DA:59,0
DA:66,4
DA:67,0
DA:69,0
DA:70,0
DA:73,4
LF:35
LH:31
BRF:0
BRH:0
end_of_record
TN:
SF:config/db.js
FN:7,(anonymous_0)
FN:26,close
FNF:2
FNH:0
FNDA:0,(anonymous_0)
FNDA:0,close
DA:1,4
DA:2,4
DA:7,4
DA:8,0
DA:9,0
DA:10,0
DA:14,0
DA:16,0
DA:18,0
DA:27,0
DA:30,4
LF:11
LH:4
BRF:0
BRH:0
end_of_record
TN:
SF:controllers/bike.js
FN:12,(anonymous_0)
FN:26,(anonymous_1)
FN:50,(anonymous_2)
FN:70,(anonymous_3)
FN:101,(anonymous_4)
FN:126,(anonymous_5)
FN:150,(anonymous_6)
FN:194,(anonymous_7)
FN:210,(anonymous_8)
FN:218,(anonymous_9)
FN:227,(anonymous_10)
FNF:11
FNH:8
FNDA:2,(anonymous_0)
FNDA:3,(anonymous_1)
FNDA:13,(anonymous_2)
FNDA:3,(anonymous_3)
FNDA:3,(anonymous_4)
FNDA:3,(anonymous_5)
FNDA:2,(anonymous_6)
FNDA:3,(anonymous_7)
FNDA:0,(anonymous_8)
FNDA:0,(anonymous_9)
FNDA:0,(anonymous_10)
DA:1,4
DA:2,4
DA:12,4
DA:13,2
DA:15,2
DA:26,4
DA:27,3
DA:29,3
DA:30,1
DA:33,2
DA:35,2
DA:36,1
DA:39,1
DA:50,4
DA:51,13
DA:53,13
DA:54,13
DA:56,12
DA:58,1
DA:70,4
DA:71,3
DA:73,3
DA:74,1
DA:77,2
DA:79,2
DA:80,1
DA:83,1
DA:101,4
DA:102,3
DA:104,3
DA:105,1
DA:108,2
DA:110,2
DA:111,1
DA:114,1
DA:126,4
DA:127,3
DA:129,3
DA:130,1
DA:133,2
DA:135,2
DA:136,1
DA:139,1
DA:150,4
DA:151,2
DA:153,2
DA:154,1
DA:156,1
DA:177,1
DA:178,1
DA:179,1
DA:181,1
DA:183,0
DA:194,4
DA:195,3
DA:197,3
DA:198,1
DA:201,2
DA:203,2
DA:204,1
DA:207,1
DA:210,4
DA:211,0
DA:212,0
DA:213,0
DA:218,0
DA:219,0
DA:220,0
DA:221,0
DA:222,0
DA:223,0
DA:224,0
DA:227,0
DA:228,0
DA:229,0
DA:233,4
LF:76
LH:62
BRDA:29,0,0,1
BRDA:29,0,1,2
BRDA:35,1,0,1
BRDA:35,1,1,1
BRDA:73,2,0,1
BRDA:73,2,1,2
BRDA:79,3,0,1
BRDA:79,3,1,1
BRDA:104,4,0,1
BRDA:104,4,1,2
BRDA:110,5,0,1
BRDA:110,5,1,1
BRDA:129,6,0,1
BRDA:129,6,1,2
BRDA:135,7,0,1
BRDA:135,7,1,1
BRDA:153,8,0,1
BRDA:153,8,1,1
BRDA:197,9,0,1
BRDA:197,9,1,2
BRDA:203,10,0,1
BRDA:203,10,1,1
BRDA:223,11,0,0
BRDA:223,11,1,0
BRF:24
BRH:22
end_of_record
TN:
SF:controllers/chargeSt.js
FN:11,(anonymous_0)
FN:28,(anonymous_1)
FN:48,(anonymous_2)
FN:72,(anonymous_3)
FN:97,(anonymous_4)
FNF:5
FNH:5
FNDA:2,(anonymous_0)
FNDA:5,(anonymous_1)
FNDA:3,(anonymous_2)
FNDA:3,(anonymous_3)
FNDA:2,(anonymous_4)
DA:1,4
DA:2,4
DA:11,4
DA:12,2
DA:14,2
DA:28,4
DA:29,5
DA:31,5
DA:32,5
DA:34,4
DA:36,1
DA:48,4
DA:49,3
DA:51,3
DA:52,1
DA:55,2
DA:57,2
DA:58,1
DA:61,1
DA:72,4
DA:73,3
DA:75,3
DA:76,1
DA:79,2
DA:81,2
DA:82,1
DA:85,1
DA:97,4
DA:99,2
DA:101,2
DA:102,1
DA:105,1
DA:114,1
DA:115,1
DA:116,1
DA:118,1
DA:120,0
DA:126,4
LF:38
LH:37
BRDA:51,0,0,1
BRDA:51,0,1,2
BRDA:57,1,0,1
BRDA:57,1,1,1
BRDA:75,2,0,1
BRDA:75,2,1,2
BRDA:81,3,0,1
BRDA:81,3,1,1
BRDA:101,4,0,1
BRDA:101,4,1,1
BRF:10
BRH:10
end_of_record
TN:
SF:controllers/city.js
FN:11,(anonymous_0)
FN:22,(anonymous_1)
FN:41,(anonymous_2)
FN:64,(anonymous_3)
FN:80,(anonymous_4)
FNF:5
FNH:5
FNDA:2,(anonymous_0)
FNDA:5,(anonymous_1)
FNDA:3,(anonymous_2)
FNDA:3,(anonymous_3)
FNDA:2,(anonymous_4)
DA:1,4
DA:2,4
DA:11,4
DA:12,2
DA:14,2
DA:22,4
DA:23,5
DA:25,5
DA:26,5
DA:28,4
DA:30,1
DA:41,4
DA:42,3
DA:44,3
DA:45,1
DA:48,2
DA:50,2
DA:51,1
DA:54,1
DA:64,4
DA:65,3
DA:67,3
DA:68,1
DA:71,2
DA:73,2
DA:74,1
DA:77,1
DA:80,4
DA:81,2
DA:83,2
DA:84,1
DA:87,1
DA:97,1
DA:98,1
DA:99,1
DA:101,1
DA:103,0
DA:107,4
LF:38
LH:37
BRDA:44,0,0,1
BRDA:44,0,1,2
BRDA:50,1,0,1
BRDA:50,1,1,1
BRDA:67,2,0,1
BRDA:67,2,1,2
BRDA:73,3,0,1
BRDA:73,3,1,1
BRDA:83,4,0,1
BRDA:83,4,1,1
BRF:10
BRH:10
end_of_record
TN:
SF:controllers/github.js
FN:10,(anonymous_0)
FN:11,(anonymous_1)
FN:15,(anonymous_2)
FN:24,(anonymous_3)
FN:26,(anonymous_4)
FN:43,(anonymous_5)
FN:45,(anonymous_6)
FN:78,(anonymous_7)
FN:91,(anonymous_8)
FNF:9
FNH:0
FNDA:0,(anonymous_0)
FNDA:0,(anonymous_1)
FNDA:0,(anonymous_2)
FNDA:0,(anonymous_3)
FNDA:0,(anonymous_4)
FNDA:0,(anonymous_5)
FNDA:0,(anonymous_6)
FNDA:0,(anonymous_7)
FNDA:0,(anonymous_8)
DA:1,4
DA:4,4
DA:5,4
DA:6,4
DA:7,4
DA:8,4
DA:10,4
DA:11,0
DA:13,4
DA:15,4
DA:16,0
DA:17,0
DA:20,0
DA:24,0
DA:27,0
DA:32,0
DA:34,0
DA:36,0
DA:38,0
DA:44,0
DA:47,0
DA:49,0
DA:51,0
DA:53,0
DA:55,0
DA:56,0
DA:59,0
DA:61,0
DA:63,0
DA:71,0
DA:78,4
DA:79,0
DA:91,4
DA:92,0
DA:93,0
DA:94,0
DA:95,0
DA:96,0
DA:98,0
DA:103,4
LF:40
LH:12
BRDA:55,0,0,0
BRDA:55,0,1,0
BRF:2
BRH:0
end_of_record
TN:
SF:controllers/parking.js
FN:11,(anonymous_0)
FN:25,(anonymous_1)
FN:49,(anonymous_2)
FN:70,(anonymous_3)
FN:95,(anonymous_4)
FNF:5
FNH:5
FNDA:2,(anonymous_0)
FNDA:3,(anonymous_1)
FNDA:5,(anonymous_2)
FNDA:3,(anonymous_3)
FNDA:2,(anonymous_4)
DA:1,4
DA:2,4
DA:11,4
DA:12,2
DA:14,2
DA:25,4
DA:26,3
DA:28,3
DA:29,1
DA:32,2
DA:34,2
DA:35,1
DA:38,1
DA:49,4
DA:50,5
DA:53,5
DA:54,5
DA:56,4
DA:58,1
DA:70,4
DA:71,3
DA:73,3
DA:74,1
DA:77,2
DA:79,2
DA:80,1
DA:83,1
DA:95,4
DA:97,2
DA:99,2
DA:100,1
DA:103,1
DA:112,1
DA:113,1
DA:114,1
DA:116,1
DA:118,0
DA:124,4
LF:38
LH:37
BRDA:28,0,0,1
BRDA:28,0,1,2
BRDA:34,1,0,1
BRDA:34,1,1,1
BRDA:73,2,0,1
BRDA:73,2,1,2
BRDA:79,3,0,1
BRDA:79,3,1,1
BRDA:99,4,0,1
BRDA:99,4,1,1
BRF:10
BRH:10
end_of_record
TN:
SF:controllers/prices.js
FN:10,(anonymous_0)
FN:22,(anonymous_1)
FNF:2
FNH:0
FNDA:0,(anonymous_0)
FNDA:0,(anonymous_1)
DA:1,4
DA:2,4
DA:10,4
DA:11,0
DA:13,0
DA:22,4
DA:23,0
DA:39,4
LF:8
LH:5
BRF:0
BRH:0
end_of_record
TN:
SF:controllers/users.js
FN:17,(anonymous_0)
FN:31,(anonymous_1)
FN:45,(anonymous_2)
FN:73,(anonymous_3)
FN:118,(anonymous_4)
FN:164,(anonymous_5)
FN:170,(anonymous_6)
FN:211,(anonymous_7)
FNF:8
FNH:0
FNDA:0,(anonymous_0)
FNDA:0,(anonymous_1)
FNDA:0,(anonymous_2)
FNDA:0,(anonymous_3)
FNDA:0,(anonymous_4)
FNDA:0,(anonymous_5)
FNDA:0,(anonymous_6)
FNDA:0,(anonymous_7)
DA:1,4
DA:2,4
DA:3,4
DA:4,4
DA:5,4
DA:7,4
DA:17,4
DA:18,0
DA:20,0
DA:31,4
DA:32,0
DA:34,0
DA:45,4
DA:46,0
DA:48,0
DA:49,0
DA:52,0
DA:54,0
DA:55,0
DA:58,0
DA:73,4
DA:77,0
DA:79,0
DA:80,0
DA:83,0
DA:85,0
DA:88,0
DA:89,0
DA:90,0
DA:91,0
DA:103,0
DA:118,4
DA:120,0
DA:123,0
DA:125,0
DA:126,0
DA:130,0
DA:131,0
DA:135,0
DA:142,0
DA:143,0
DA:144,0
DA:145,0
DA:156,0
DA:164,4
DA:165,0
DA:170,4
DA:171,0
DA:173,0
DA:174,0
DA:176,0
DA:194,0
DA:195,0
DA:196,0
DA:198,0
DA:200,0
DA:211,4
DA:212,0
DA:214,0
DA:215,0
DA:218,0
DA:220,0
DA:221,0
DA:224,0
DA:228,4
LF:65
LH:15
BRDA:48,0,0,0
BRDA:48,0,1,0
BRDA:54,1,0,0
BRDA:54,1,1,0
BRDA:79,2,0,0
BRDA:79,2,1,0
BRDA:79,3,0,0
BRDA:79,3,1,0
BRDA:88,4,0,0
BRDA:88,4,1,0
BRDA:88,5,0,0
BRDA:88,5,1,0
BRDA:125,6,0,0
BRDA:125,6,1,0
BRDA:143,7,0,0
BRDA:143,7,1,0
BRDA:173,8,0,0
BRDA:173,8,1,0
BRDA:214,9,0,0
BRDA:214,9,1,0
BRDA:220,10,0,0
BRDA:220,10,1,0
BRF:22
BRH:0
end_of_record
TN:
SF:middleware/jwtAuth.js
FN:7,(anonymous_0)
FNF:1
FNH:1
FNDA:1,(anonymous_0)
DA:1,4
DA:2,4
DA:3,4
DA:5,4
DA:7,4
DA:8,1
DA:9,1
DA:10,1
DA:11,0
DA:12,0
DA:14,1
DA:15,1
DA:18,0
DA:19,0
DA:24,4
LF:15
LH:11
BRDA:18,0,0,0
BRDA:18,0,1,0
BRF:2
BRH:0
end_of_record
TN:
SF:models/Bike.js
FNF:0
FNH:0
DA:1,4
DA:3,4
DA:15,4
DA:58,4
DA:59,4
LF:5
LH:5
BRF:0
BRH:0
end_of_record
TN:
SF:models/ChargeSt.js
FNF:0
FNH:0
DA:1,4
DA:3,4
DA:14,4
DA:27,4
DA:28,4
LF:5
LH:5
BRF:0
BRH:0
end_of_record
TN:
SF:models/City.js
FNF:0
FNH:0
DA:1,4
DA:3,4
DA:16,4
DA:29,4
DA:30,4
LF:5
LH:5
BRF:0
BRH:0
end_of_record
TN:
SF:models/Parking.js
FNF:0
FNH:0
DA:1,4
DA:3,4
DA:14,4
DA:27,4
DA:28,4
LF:5
LH:5
BRF:0
BRH:0
end_of_record
TN:
SF:models/Prices.js
FNF:0
FNH:0
DA:1,4
DA:4,4
DA:12,4
DA:13,4
LF:4
LH:4
BRF:0
BRH:0
end_of_record
TN:
SF:models/User.js
FNF:0
FNH:0
DA:1,4
DA:3,4
DA:18,4
DA:19,4
LF:4
LH:4
BRF:0
BRH:0
end_of_record
TN:
SF:routes/bike.js
FNF:0
FNH:0
DA:1,4
DA:2,4
DA:4,4
DA:10,4
DA:16,4
DA:21,4
DA:26,4
DA:31,4
DA:36,4
DA:41,4
DA:46,4
DA:51,4
DA:56,4
DA:60,4
LF:14
LH:14
BRF:0
BRH:0
end_of_record
TN:
SF:routes/chargest.js
FNF:0
FNH:0
DA:1,4
DA:2,4
DA:3,4
DA:8,4
DA:13,4
DA:18,4
DA:23,4
DA:29,4
DA:33,4
LF:9
LH:9
BRF:0
BRH:0
end_of_record
TN:
SF:routes/city.js
FNF:0
FNH:0
DA:1,4
DA:2,4
DA:3,4
DA:8,4
DA:13,4
DA:18,4
DA:23,4
DA:29,4
DA:34,4
LF:9
LH:9
BRF:0
BRH:0
end_of_record
TN:
SF:routes/customer.js
FNF:0
FNH:0
DA:1,4
DA:2,4
DA:3,4
DA:5,4
DA:7,4
DA:10,4
LF:6
LH:6
BRF:0
BRH:0
end_of_record
TN:
SF:routes/index.js
FN:4,(anonymous_0)
FNF:1
FNH:0
FNDA:0,(anonymous_0)
DA:1,4
DA:2,4
DA:4,4
DA:5,0
DA:11,4
LF:5
LH:4
BRF:0
BRH:0
end_of_record
TN:
SF:routes/parking.js
FNF:0
FNH:0
DA:1,4
DA:2,4
DA:3,4
DA:8,4
DA:13,4
DA:19,4
DA:25,4
DA:30,4
DA:36,4
LF:9
LH:9
BRF:0
BRH:0
end_of_record
TN:
SF:routes/prices.js
FNF:0
FNH:0
DA:1,4
DA:2,4
DA:3,4
DA:4,4
DA:9,4
DA:14,4
DA:19,4
LF:7
LH:7
BRF:0
BRH:0
end_of_record
TN:
SF:routes/user.js
FN:21,(anonymous_0)
FNF:1
FNH:0
FNDA:0,(anonymous_0)
DA:1,4
DA:2,4
DA:3,4
DA:4,4
DA:5,4
DA:7,4
DA:9,4
DA:11,4
DA:13,4
DA:15,4
DA:17,4
DA:19,4
DA:21,4
DA:22,0
DA:23,0
DA:32,4
LF:16
LH:14
BRF:0
BRH:0
end_of_record
